{"/Users/ecorreia/Sites/@beforesemicolon/client-web-storage/src/ClientStore.ts": {"path":"/Users/ecorreia/Sites/@beforesemicolon/client-web-storage/src/ClientStore.ts","statementMap":{"0":{"start":{"line":1,"column":0},"end":{"line":1,"column":73}},"1":{"start":{"line":2,"column":0},"end":{"line":2,"column":32}},"2":{"start":{"line":3,"column":0},"end":{"line":3,"column":58}},"3":{"start":{"line":5,"column":0},"end":{"line":5,"column":40}},"4":{"start":{"line":7,"column":22},"end":{"line":12,"column":null}},"5":{"start":{"line":15,"column":1},"end":{"line":15,"column":21}},"6":{"start":{"line":16,"column":1},"end":{"line":16,"column":29}},"7":{"start":{"line":17,"column":1},"end":{"line":17,"column":20}},"8":{"start":{"line":18,"column":1},"end":{"line":18,"column":20}},"9":{"start":{"line":19,"column":1},"end":{"line":19,"column":50}},"10":{"start":{"line":20,"column":1},"end":{"line":20,"column":68}},"11":{"start":{"line":20,"column":63},"end":{"line":20,"column":67}},"12":{"start":{"line":21,"column":1},"end":{"line":21,"column":16}},"13":{"start":{"line":22,"column":1},"end":{"line":22,"column":11}},"14":{"start":{"line":25,"column":2},"end":{"line":25,"column":30}},"15":{"start":{"line":26,"column":2},"end":{"line":26,"column":47}},"16":{"start":{"line":28,"column":2},"end":{"line":30,"column":null}},"17":{"start":{"line":29,"column":3},"end":{"line":29,"column":null}},"18":{"start":{"line":32,"column":15},"end":{"line":32,"column":44}},"19":{"start":{"line":34,"column":2},"end":{"line":34,"column":24}},"20":{"start":{"line":35,"column":2},"end":{"line":41,"column":5}},"21":{"start":{"line":43,"column":2},"end":{"line":47,"column":null}},"22":{"start":{"line":44,"column":3},"end":{"line":44,"column":74}},"23":{"start":{"line":45,"column":3},"end":{"line":45,"column":22}},"24":{"start":{"line":46,"column":3},"end":{"line":46,"column":54}},"25":{"start":{"line":54,"column":2},"end":{"line":54,"column":21}},"26":{"start":{"line":61,"column":2},"end":{"line":61,"column":30}},"27":{"start":{"line":68,"column":2},"end":{"line":68,"column":54}},"28":{"start":{"line":75,"column":2},"end":{"line":75,"column":20}},"29":{"start":{"line":87,"column":2},"end":{"line":89,"column":null}},"30":{"start":{"line":88,"column":3},"end":{"line":88,"column":null}},"31":{"start":{"line":91,"column":2},"end":{"line":93,"column":null}},"32":{"start":{"line":92,"column":3},"end":{"line":92,"column":null}},"33":{"start":{"line":92,"column":53},"end":{"line":92,"column":62}},"34":{"start":{"line":102,"column":2},"end":{"line":104,"column":null}},"35":{"start":{"line":103,"column":3},"end":{"line":103,"column":39}},"36":{"start":{"line":106,"column":2},"end":{"line":108,"column":null}},"37":{"start":{"line":107,"column":3},"end":{"line":107,"column":42}},"38":{"start":{"line":107,"column":37},"end":{"line":107,"column":41}},"39":{"start":{"line":116,"column":2},"end":{"line":128,"column":null}},"40":{"start":{"line":117,"column":16},"end":{"line":117,"column":49}},"41":{"start":{"line":119,"column":3},"end":{"line":127,"column":null}},"42":{"start":{"line":121,"column":5},"end":{"line":123,"column":null}},"43":{"start":{"line":122,"column":6},"end":{"line":122,"column":45}},"44":{"start":{"line":125,"column":5},"end":{"line":125,"column":34}},"45":{"start":{"line":130,"column":2},"end":{"line":130,"column":14}},"46":{"start":{"line":138,"column":24},"end":{"line":138,"column":70}},"47":{"start":{"line":140,"column":2},"end":{"line":175,"column":null}},"48":{"start":{"line":141,"column":19},"end":{"line":141,"column":41}},"49":{"start":{"line":143,"column":3},"end":{"line":148,"column":null}},"50":{"start":{"line":144,"column":4},"end":{"line":147,"column":null}},"51":{"start":{"line":146,"column":5},"end":{"line":146,"column":null}},"52":{"start":{"line":150,"column":3},"end":{"line":171,"column":null}},"53":{"start":{"line":151,"column":25},"end":{"line":151,"column":96}},"54":{"start":{"line":153,"column":4},"end":{"line":163,"column":null}},"55":{"start":{"line":154,"column":5},"end":{"line":154,"column":57}},"56":{"start":{"line":155,"column":5},"end":{"line":155,"column":45}},"57":{"start":{"line":156,"column":5},"end":{"line":156,"column":61}},"58":{"start":{"line":157,"column":5},"end":{"line":157,"column":20}},"59":{"start":{"line":159,"column":5},"end":{"line":162,"column":8}},"60":{"start":{"line":165,"column":4},"end":{"line":165,"column":86}},"61":{"start":{"line":166,"column":4},"end":{"line":170,"column":7}},"62":{"start":{"line":174,"column":3},"end":{"line":174,"column":15}},"63":{"start":{"line":177,"column":2},"end":{"line":177,"column":null}},"64":{"start":{"line":186,"column":2},"end":{"line":190,"column":null}},"65":{"start":{"line":187,"column":3},"end":{"line":189,"column":null}},"66":{"start":{"line":188,"column":4},"end":{"line":188,"column":null}},"67":{"start":{"line":192,"column":20},"end":{"line":192,"column":42}},"68":{"start":{"line":193,"column":22},"end":{"line":199,"column":4}},"69":{"start":{"line":201,"column":2},"end":{"line":221,"column":null}},"70":{"start":{"line":202,"column":24},"end":{"line":202,"column":99}},"71":{"start":{"line":204,"column":3},"end":{"line":213,"column":null}},"72":{"start":{"line":205,"column":4},"end":{"line":205,"column":57}},"73":{"start":{"line":206,"column":4},"end":{"line":206,"column":64}},"74":{"start":{"line":207,"column":4},"end":{"line":207,"column":23}},"75":{"start":{"line":209,"column":4},"end":{"line":212,"column":7}},"76":{"start":{"line":215,"column":3},"end":{"line":215,"column":65}},"77":{"start":{"line":216,"column":3},"end":{"line":220,"column":6}},"78":{"start":{"line":223,"column":2},"end":{"line":223,"column":14}},"79":{"start":{"line":230,"column":2},"end":{"line":230,"column":36}},"80":{"start":{"line":230,"column":30},"end":{"line":230,"column":34}},"81":{"start":{"line":238,"column":2},"end":{"line":238,"column":38}},"82":{"start":{"line":246,"column":2},"end":{"line":268,"column":null}},"83":{"start":{"line":247,"column":24},"end":{"line":247,"column":101}},"84":{"start":{"line":249,"column":3},"end":{"line":260,"column":null}},"85":{"start":{"line":250,"column":4},"end":{"line":250,"column":42}},"86":{"start":{"line":251,"column":4},"end":{"line":251,"column":44}},"87":{"start":{"line":252,"column":4},"end":{"line":252,"column":55}},"88":{"start":{"line":254,"column":4},"end":{"line":254,"column":16}},"89":{"start":{"line":256,"column":4},"end":{"line":259,"column":7}},"90":{"start":{"line":262,"column":3},"end":{"line":262,"column":65}},"91":{"start":{"line":263,"column":3},"end":{"line":267,"column":6}},"92":{"start":{"line":270,"column":2},"end":{"line":270,"column":14}},"93":{"start":{"line":277,"column":26},"end":{"line":277,"column":50}},"94":{"start":{"line":279,"column":2},"end":{"line":300,"column":null}},"95":{"start":{"line":280,"column":24},"end":{"line":280,"column":92}},"96":{"start":{"line":282,"column":3},"end":{"line":292,"column":null}},"97":{"start":{"line":283,"column":4},"end":{"line":283,"column":30}},"98":{"start":{"line":284,"column":4},"end":{"line":284,"column":44}},"99":{"start":{"line":285,"column":4},"end":{"line":285,"column":57}},"100":{"start":{"line":286,"column":4},"end":{"line":286,"column":16}},"101":{"start":{"line":288,"column":4},"end":{"line":291,"column":7}},"102":{"start":{"line":294,"column":3},"end":{"line":294,"column":53}},"103":{"start":{"line":295,"column":3},"end":{"line":299,"column":6}},"104":{"start":{"line":302,"column":2},"end":{"line":302,"column":14}},"105":{"start":{"line":309,"column":63},"end":{"line":309,"column":68}},"106":{"start":{"line":310,"column":2},"end":{"line":315,"column":13}},"107":{"start":{"line":311,"column":19},"end":{"line":311,"column":33}},"108":{"start":{"line":312,"column":3},"end":{"line":314,"column":null}},"109":{"start":{"line":313,"column":4},"end":{"line":313,"column":17}},"110":{"start":{"line":322,"column":64},"end":{"line":322,"column":69}},"111":{"start":{"line":323,"column":21},"end":{"line":323,"column":23}},"112":{"start":{"line":325,"column":2},"end":{"line":329,"column":null}},"113":{"start":{"line":326,"column":3},"end":{"line":328,"column":null}},"114":{"start":{"line":327,"column":4},"end":{"line":327,"column":null}},"115":{"start":{"line":331,"column":2},"end":{"line":331,"column":15}},"116":{"start":{"line":14,"column":0},"end":{"line":14,"column":13}},"117":{"start":{"line":78,"column":12},"end":{"line":80,"column":null}},"118":{"start":{"line":79,"column":2},"end":{"line":79,"column":null}},"119":{"start":{"line":79,"column":35},"end":{"line":79,"column":55}},"120":{"start":{"line":335,"column":0},"end":{"line":335,"column":null}},"121":{"start":{"line":349,"column":1},"end":{"line":349,"column":null}},"122":{"start":{"line":350,"column":2},"end":{"line":350,"column":null}},"123":{"start":{"line":351,"column":2},"end":{"line":351,"column":null}},"124":{"start":{"line":352,"column":2},"end":{"line":352,"column":null}},"125":{"start":{"line":353,"column":2},"end":{"line":353,"column":null}},"126":{"start":{"line":354,"column":2},"end":{"line":354,"column":null}},"127":{"start":{"line":355,"column":2},"end":{"line":355,"column":null}},"128":{"start":{"line":356,"column":2},"end":{"line":356,"column":null}},"129":{"start":{"line":359,"column":14},"end":{"line":364,"column":null}}},"fnMap":{"0":{"name":"(anonymous_8)","decl":{"start":{"line":24,"column":1},"end":{"line":24,"column":13}},"loc":{"start":{"line":24,"column":93},"end":{"line":48,"column":2}}},"1":{"name":"(anonymous_9)","decl":{"start":{"line":20,"column":57},"end":{"line":20,"column":60}},"loc":{"start":{"line":20,"column":63},"end":{"line":20,"column":67}}},"2":{"name":"(anonymous_10)","decl":{"start":{"line":43,"column":20},"end":{"line":43,"column":23}},"loc":{"start":{"line":43,"column":25},"end":{"line":47,"column":3}}},"3":{"name":"(anonymous_11)","decl":{"start":{"line":53,"column":1},"end":{"line":53,"column":5}},"loc":{"start":{"line":53,"column":10},"end":{"line":55,"column":2}}},"4":{"name":"(anonymous_12)","decl":{"start":{"line":60,"column":1},"end":{"line":60,"column":5}},"loc":{"start":{"line":60,"column":9},"end":{"line":62,"column":2}}},"5":{"name":"(anonymous_13)","decl":{"start":{"line":67,"column":1},"end":{"line":67,"column":5}},"loc":{"start":{"line":67,"column":9},"end":{"line":69,"column":2}}},"6":{"name":"(anonymous_14)","decl":{"start":{"line":74,"column":1},"end":{"line":74,"column":5}},"loc":{"start":{"line":74,"column":9},"end":{"line":76,"column":2}}},"7":{"name":"(anonymous_15)","decl":{"start":{"line":86,"column":1},"end":{"line":86,"column":10}},"loc":{"start":{"line":86,"column":43},"end":{"line":94,"column":2}}},"8":{"name":"(anonymous_16)","decl":{"start":{"line":91,"column":9},"end":{"line":91,"column":12}},"loc":{"start":{"line":91,"column":14},"end":{"line":93,"column":3}}},"9":{"name":"(anonymous_17)","decl":{"start":{"line":92,"column":48},"end":{"line":92,"column":49}},"loc":{"start":{"line":92,"column":53},"end":{"line":92,"column":62}}},"10":{"name":"(anonymous_18)","decl":{"start":{"line":101,"column":1},"end":{"line":101,"column":13}},"loc":{"start":{"line":101,"column":54},"end":{"line":109,"column":2}}},"11":{"name":"(anonymous_19)","decl":{"start":{"line":106,"column":9},"end":{"line":106,"column":12}},"loc":{"start":{"line":106,"column":14},"end":{"line":108,"column":3}}},"12":{"name":"(anonymous_20)","decl":{"start":{"line":107,"column":31},"end":{"line":107,"column":34}},"loc":{"start":{"line":107,"column":37},"end":{"line":107,"column":41}}},"13":{"name":"(anonymous_21)","decl":{"start":{"line":115,"column":1},"end":{"line":115,"column":6}},"loc":{"start":{"line":115,"column":41},"end":{"line":131,"column":2}}},"14":{"name":"(anonymous_22)","decl":{"start":{"line":120,"column":14},"end":{"line":120,"column":18}},"loc":{"start":{"line":120,"column":21},"end":{"line":126,"column":5}}},"15":{"name":"(anonymous_23)","decl":{"start":{"line":137,"column":1},"end":{"line":137,"column":6}},"loc":{"start":{"line":137,"column":35},"end":{"line":178,"column":2}}},"16":{"name":"(anonymous_24)","decl":{"start":{"line":185,"column":1},"end":{"line":185,"column":6}},"loc":{"start":{"line":185,"column":47},"end":{"line":224,"column":2}}},"17":{"name":"(anonymous_25)","decl":{"start":{"line":229,"column":1},"end":{"line":229,"column":6}},"loc":{"start":{"line":229,"column":15},"end":{"line":231,"column":2}}},"18":{"name":"(anonymous_26)","decl":{"start":{"line":230,"column":24},"end":{"line":230,"column":27}},"loc":{"start":{"line":230,"column":30},"end":{"line":230,"column":34}}},"19":{"name":"(anonymous_27)","decl":{"start":{"line":237,"column":1},"end":{"line":237,"column":8}},"loc":{"start":{"line":237,"column":20},"end":{"line":239,"column":2}}},"20":{"name":"(anonymous_28)","decl":{"start":{"line":245,"column":1},"end":{"line":245,"column":6}},"loc":{"start":{"line":245,"column":29},"end":{"line":271,"column":2}}},"21":{"name":"(anonymous_29)","decl":{"start":{"line":276,"column":1},"end":{"line":276,"column":6}},"loc":{"start":{"line":276,"column":12},"end":{"line":303,"column":2}}},"22":{"name":"(anonymous_30)","decl":{"start":{"line":309,"column":1},"end":{"line":309,"column":6}},"loc":{"start":{"line":309,"column":68},"end":{"line":316,"column":2}}},"23":{"name":"(anonymous_31)","decl":{"start":{"line":309,"column":57},"end":{"line":309,"column":60}},"loc":{"start":{"line":309,"column":63},"end":{"line":309,"column":68}}},"24":{"name":"(anonymous_32)","decl":{"start":{"line":310,"column":37},"end":{"line":310,"column":38}},"loc":{"start":{"line":310,"column":52},"end":{"line":315,"column":3}}},"25":{"name":"(anonymous_33)","decl":{"start":{"line":322,"column":1},"end":{"line":322,"column":6}},"loc":{"start":{"line":322,"column":69},"end":{"line":332,"column":2}}},"26":{"name":"(anonymous_34)","decl":{"start":{"line":322,"column":58},"end":{"line":322,"column":61}},"loc":{"start":{"line":322,"column":64},"end":{"line":322,"column":69}}},"27":{"name":"(anonymous_35)","decl":{"start":{"line":325,"column":36},"end":{"line":325,"column":37}},"loc":{"start":{"line":325,"column":51},"end":{"line":329,"column":3}}},"28":{"name":"_ClientStore_broadcast","decl":{"start":{"line":78,"column":12},"end":{"line":78,"column":44}},"loc":{"start":{"line":78,"column":55},"end":{"line":80,"column":2}}},"29":{"name":"(anonymous_37)","decl":{"start":{"line":79,"column":28},"end":{"line":79,"column":31}},"loc":{"start":{"line":79,"column":35},"end":{"line":79,"column":55}}},"30":{"name":"(anonymous_38)","decl":{"start":{"line":335,"column":0},"end":{"line":335,"column":17}},"loc":{"start":{"line":335,"column":28},"end":{"line":365,"column":1}}},"31":{"name":"(anonymous_39)","decl":{"start":{"line":349,"column":1},"end":{"line":349,"column":13}},"loc":{"start":{"line":349,"column":22},"end":{"line":357,"column":2}}}},"branchMap":{"0":{"loc":{"start":{"line":24,"column":51},"end":{"line":24,"column":93}},"type":"default-arg","locations":[{"start":{"line":24,"column":80},"end":{"line":24,"column":93}}]},"1":{"loc":{"start":{"line":28,"column":2},"end":{"line":30,"column":null}},"type":"if","locations":[{"start":{"line":28,"column":2},"end":{"line":30,"column":null}}]},"2":{"loc":{"start":{"line":32,"column":15},"end":{"line":32,"column":44}},"type":"binary-expr","locations":[{"start":{"line":32,"column":15},"end":{"line":32,"column":35}},{"start":{"line":32,"column":39},"end":{"line":32,"column":44}}]},"3":{"loc":{"start":{"line":87,"column":2},"end":{"line":89,"column":null}},"type":"if","locations":[{"start":{"line":87,"column":2},"end":{"line":89,"column":null}}]},"4":{"loc":{"start":{"line":102,"column":2},"end":{"line":104,"column":null}},"type":"if","locations":[{"start":{"line":102,"column":2},"end":{"line":104,"column":null}}]},"5":{"loc":{"start":{"line":115,"column":17},"end":{"line":115,"column":41}},"type":"default-arg","locations":[{"start":{"line":115,"column":39},"end":{"line":115,"column":41}}]},"6":{"loc":{"start":{"line":116,"column":2},"end":{"line":128,"column":null}},"type":"if","locations":[{"start":{"line":116,"column":2},"end":{"line":128,"column":null}}]},"7":{"loc":{"start":{"line":121,"column":5},"end":{"line":123,"column":null}},"type":"if","locations":[{"start":{"line":121,"column":5},"end":{"line":123,"column":null}}]},"8":{"loc":{"start":{"line":140,"column":2},"end":{"line":175,"column":null}},"type":"if","locations":[{"start":{"line":140,"column":2},"end":{"line":175,"column":null}}]},"9":{"loc":{"start":{"line":144,"column":4},"end":{"line":147,"column":null}},"type":"if","locations":[{"start":{"line":144,"column":4},"end":{"line":147,"column":null}}]},"10":{"loc":{"start":{"line":144,"column":8},"end":{"line":144,"column":86}},"type":"binary-expr","locations":[{"start":{"line":144,"column":8},"end":{"line":144,"column":38}},{"start":{"line":144,"column":42},"end":{"line":144,"column":86}}]},"11":{"loc":{"start":{"line":153,"column":4},"end":{"line":163,"column":null}},"type":"if","locations":[{"start":{"line":153,"column":4},"end":{"line":163,"column":null}},{"start":{"line":158,"column":11},"end":{"line":163,"column":null}}]},"12":{"loc":{"start":{"line":187,"column":3},"end":{"line":189,"column":null}},"type":"if","locations":[{"start":{"line":187,"column":3},"end":{"line":189,"column":null}}]},"13":{"loc":{"start":{"line":187,"column":7},"end":{"line":187,"column":141}},"type":"binary-expr","locations":[{"start":{"line":187,"column":7},"end":{"line":187,"column":35}},{"start":{"line":187,"column":39},"end":{"line":187,"column":82}},{"start":{"line":187,"column":86},"end":{"line":187,"column":141}}]},"14":{"loc":{"start":{"line":204,"column":3},"end":{"line":213,"column":null}},"type":"if","locations":[{"start":{"line":204,"column":3},"end":{"line":213,"column":null}},{"start":{"line":208,"column":10},"end":{"line":213,"column":null}}]},"15":{"loc":{"start":{"line":249,"column":3},"end":{"line":260,"column":null}},"type":"if","locations":[{"start":{"line":249,"column":3},"end":{"line":260,"column":null}},{"start":{"line":255,"column":10},"end":{"line":260,"column":null}}]},"16":{"loc":{"start":{"line":282,"column":3},"end":{"line":292,"column":null}},"type":"if","locations":[{"start":{"line":282,"column":3},"end":{"line":292,"column":null}},{"start":{"line":287,"column":10},"end":{"line":292,"column":null}}]},"17":{"loc":{"start":{"line":309,"column":16},"end":{"line":309,"column":68}},"type":"default-arg","locations":[{"start":{"line":309,"column":57},"end":{"line":309,"column":68}}]},"18":{"loc":{"start":{"line":310,"column":9},"end":{"line":315,"column":12}},"type":"binary-expr","locations":[{"start":{"line":310,"column":9},"end":{"line":315,"column":4}},{"start":{"line":315,"column":8},"end":{"line":315,"column":12}}]},"19":{"loc":{"start":{"line":312,"column":3},"end":{"line":314,"column":null}},"type":"if","locations":[{"start":{"line":312,"column":3},"end":{"line":314,"column":null}}]},"20":{"loc":{"start":{"line":322,"column":17},"end":{"line":322,"column":69}},"type":"default-arg","locations":[{"start":{"line":322,"column":58},"end":{"line":322,"column":69}}]},"21":{"loc":{"start":{"line":326,"column":3},"end":{"line":328,"column":null}},"type":"if","locations":[{"start":{"line":326,"column":3},"end":{"line":328,"column":null}}]},"22":{"loc":{"start":{"line":327,"column":4},"end":{"line":327,"column":30}},"type":"binary-expr","locations":[{"start":{"line":327,"column":4},"end":{"line":327,"column":9}},{"start":{"line":327,"column":13},"end":{"line":327,"column":30}}]},"23":{"loc":{"start":{"line":349,"column":13},"end":{"line":349,"column":null}},"type":"binary-expr","locations":[{"start":{"line":349,"column":13},"end":{"line":349,"column":22}},{"start":{"line":349,"column":13},"end":{"line":349,"column":null}}]},"24":{"loc":{"start":{"line":335,"column":17},"end":{"line":335,"column":null}},"type":"binary-expr","locations":[{"start":{"line":335,"column":17},"end":{"line":335,"column":28}},{"start":{"line":335,"column":17},"end":{"line":335,"column":null}}]}},"s":{"0":1,"1":1,"2":1,"3":1,"4":1,"5":15,"6":15,"7":15,"8":15,"9":15,"10":15,"11":13,"12":15,"13":15,"14":15,"15":15,"16":15,"17":2,"18":13,"19":13,"20":13,"21":13,"22":13,"23":13,"24":13,"25":1,"26":1,"27":1,"28":5,"29":13,"30":13,"31":13,"32":13,"33":13,"34":17,"35":17,"36":17,"37":17,"38":0,"39":4,"40":2,"41":2,"42":5,"43":3,"44":2,"45":2,"46":17,"47":17,"48":14,"49":14,"50":28,"51":28,"52":14,"53":14,"54":13,"55":12,"56":12,"57":12,"58":12,"59":1,"60":1,"61":1,"62":2,"63":3,"64":8,"65":31,"66":2,"67":6,"68":6,"69":6,"70":6,"71":5,"72":4,"73":4,"74":4,"75":1,"76":1,"77":1,"78":2,"79":3,"80":5,"81":8,"82":3,"83":3,"84":2,"85":1,"86":1,"87":1,"88":1,"89":1,"90":1,"91":1,"92":2,"93":24,"94":24,"95":24,"96":23,"97":22,"98":22,"99":22,"100":22,"101":1,"102":1,"103":1,"104":2,"105":0,"106":2,"107":5,"108":5,"109":1,"110":0,"111":5,"112":5,"113":11,"114":7,"115":5,"116":1,"117":1,"118":60,"119":34,"120":1,"121":1,"122":1,"123":1,"124":1,"125":1,"126":1,"127":1,"128":1,"129":1},"f":{"0":15,"1":13,"2":13,"3":1,"4":1,"5":1,"6":5,"7":13,"8":13,"9":13,"10":17,"11":17,"12":0,"13":4,"14":5,"15":17,"16":8,"17":3,"18":5,"19":8,"20":3,"21":24,"22":2,"23":0,"24":5,"25":5,"26":0,"27":11,"28":60,"29":34,"30":1,"31":1},"b":{"0":[2],"1":[2],"2":[13,0],"3":[13],"4":[17],"5":[1],"6":[2],"7":[3],"8":[14],"9":[28],"10":[28,28],"11":[12,1],"12":[2],"13":[31,31,21],"14":[4,1],"15":[1,1],"16":[22,1],"17":[0],"18":[2,0],"19":[1],"20":[0],"21":[7],"22":[7,7],"23":[1,1],"24":[1,0]}}
,"/Users/ecorreia/Sites/@beforesemicolon/client-web-storage/src/MemoryStore.ts": {"path":"/Users/ecorreia/Sites/@beforesemicolon/client-web-storage/src/MemoryStore.ts","statementMap":{"0":{"start":{"line":5,"column":26},"end":{"line":7,"column":1}},"1":{"start":{"line":6,"column":1},"end":{"line":6,"column":76}},"2":{"start":{"line":9,"column":14},"end":{"line":9,"column":null}},"3":{"start":{"line":11,"column":27},"end":{"line":57,"column":1}},"4":{"start":{"line":12,"column":13},"end":{"line":12,"column":22}},"5":{"start":{"line":14,"column":1},"end":{"line":56,"column":null}},"6":{"start":{"line":17,"column":3},"end":{"line":17,"column":14}},"7":{"start":{"line":20,"column":3},"end":{"line":20,"column":38}},"8":{"start":{"line":23,"column":3},"end":{"line":23,"column":61}},"9":{"start":{"line":27,"column":11},"end":{"line":27,"column":12}},"10":{"start":{"line":30,"column":3},"end":{"line":37,"column":null}},"11":{"start":{"line":31,"column":4},"end":{"line":31,"column":28}},"12":{"start":{"line":32,"column":4},"end":{"line":34,"column":null}},"13":{"start":{"line":33,"column":5},"end":{"line":33,"column":42}},"14":{"start":{"line":36,"column":4},"end":{"line":36,"column":11}},"15":{"start":{"line":39,"column":3},"end":{"line":39,"column":46}},"16":{"start":{"line":42,"column":3},"end":{"line":42,"column":75}},"17":{"start":{"line":45,"column":3},"end":{"line":45,"column":72}},"18":{"start":{"line":48,"column":3},"end":{"line":48,"column":55}},"19":{"start":{"line":51,"column":3},"end":{"line":51,"column":53}},"20":{"start":{"line":54,"column":3},"end":{"line":54,"column":57}},"21":{"start":{"line":11,"column":13},"end":{"line":11,"column":27}}},"fnMap":{"0":{"name":"(anonymous_0)","decl":{"start":{"line":5,"column":26},"end":{"line":5,"column":30}},"loc":{"start":{"line":5,"column":81},"end":{"line":7,"column":1}}},"1":{"name":"(anonymous_1)","decl":{"start":{"line":11,"column":27},"end":{"line":11,"column":49}},"loc":{"start":{"line":11,"column":51},"end":{"line":57,"column":1}}},"2":{"name":"(anonymous_2)","decl":{"start":{"line":16,"column":2},"end":{"line":16,"column":14}},"loc":{"start":{"line":16,"column":14},"end":{"line":18,"column":3}}},"3":{"name":"(anonymous_3)","decl":{"start":{"line":19,"column":2},"end":{"line":19,"column":7}},"loc":{"start":{"line":19,"column":29},"end":{"line":21,"column":3}}},"4":{"name":"(anonymous_4)","decl":{"start":{"line":22,"column":2},"end":{"line":22,"column":7}},"loc":{"start":{"line":22,"column":54},"end":{"line":24,"column":3}}},"5":{"name":"(anonymous_5)","decl":{"start":{"line":26,"column":2},"end":{"line":26,"column":7}},"loc":{"start":{"line":26,"column":68},"end":{"line":40,"column":3}}},"6":{"name":"(anonymous_6)","decl":{"start":{"line":41,"column":2},"end":{"line":41,"column":7}},"loc":{"start":{"line":41,"column":53},"end":{"line":43,"column":3}}},"7":{"name":"(anonymous_7)","decl":{"start":{"line":44,"column":2},"end":{"line":44,"column":7}},"loc":{"start":{"line":44,"column":43},"end":{"line":46,"column":3}}},"8":{"name":"(anonymous_8)","decl":{"start":{"line":47,"column":2},"end":{"line":47,"column":7}},"loc":{"start":{"line":47,"column":43},"end":{"line":49,"column":3}}},"9":{"name":"(anonymous_9)","decl":{"start":{"line":50,"column":2},"end":{"line":50,"column":7}},"loc":{"start":{"line":50,"column":57},"end":{"line":52,"column":3}}},"10":{"name":"(anonymous_10)","decl":{"start":{"line":53,"column":2},"end":{"line":53,"column":7}},"loc":{"start":{"line":53,"column":63},"end":{"line":55,"column":3}}}},"branchMap":{"0":{"loc":{"start":{"line":6,"column":8},"end":{"line":6,"column":75}},"type":"cond-expr","locations":[{"start":{"line":6,"column":35},"end":{"line":6,"column":50}},{"start":{"line":6,"column":53},"end":{"line":6,"column":75}}]},"1":{"loc":{"start":{"line":23,"column":10},"end":{"line":23,"column":60}},"type":"binary-expr","locations":[{"start":{"line":23,"column":10},"end":{"line":23,"column":52}},{"start":{"line":23,"column":56},"end":{"line":23,"column":60}}]},"2":{"loc":{"start":{"line":23,"column":28},"end":{"line":23,"column":47}},"type":"binary-expr","locations":[{"start":{"line":23,"column":28},"end":{"line":23,"column":39}},{"start":{"line":23,"column":43},"end":{"line":23,"column":47}}]},"3":{"loc":{"start":{"line":32,"column":4},"end":{"line":34,"column":null}},"type":"if","locations":[{"start":{"line":32,"column":4},"end":{"line":34,"column":null}}]},"4":{"loc":{"start":{"line":42,"column":10},"end":{"line":42,"column":74}},"type":"binary-expr","locations":[{"start":{"line":42,"column":10},"end":{"line":42,"column":68}},{"start":{"line":42,"column":72},"end":{"line":42,"column":74}}]},"5":{"loc":{"start":{"line":45,"column":10},"end":{"line":45,"column":71}},"type":"binary-expr","locations":[{"start":{"line":45,"column":10},"end":{"line":45,"column":65}},{"start":{"line":45,"column":69},"end":{"line":45,"column":71}}]},"6":{"loc":{"start":{"line":48,"column":10},"end":{"line":48,"column":54}},"type":"binary-expr","locations":[{"start":{"line":48,"column":10},"end":{"line":48,"column":49}},{"start":{"line":48,"column":53},"end":{"line":48,"column":54}}]}},"s":{"0":1,"1":115,"2":1,"3":1,"4":1,"5":1,"6":13,"7":22,"8":8,"9":7,"10":7,"11":16,"12":16,"13":1,"14":15,"15":6,"16":0,"17":26,"18":35,"19":1,"20":16,"21":1},"f":{"0":115,"1":1,"2":13,"3":22,"4":8,"5":7,"6":0,"7":26,"8":35,"9":1,"10":16},"b":{"0":[0,115],"1":[8,0],"2":[8,1],"3":[1],"4":[0,0],"5":[26,0],"6":[35,0]}}
,"/Users/ecorreia/Sites/@beforesemicolon/client-web-storage/src/Schema.ts": {"path":"/Users/ecorreia/Sites/@beforesemicolon/client-web-storage/src/Schema.ts","statementMap":{"0":{"start":{"line":1,"column":0},"end":{"line":1,"column":37}},"1":{"start":{"line":2,"column":0},"end":{"line":2,"column":51}},"2":{"start":{"line":5,"column":1},"end":{"line":11,"column":6}},"3":{"start":{"line":6,"column":2},"end":{"line":10,"column":null}},"4":{"start":{"line":7,"column":3},"end":{"line":7,"column":30}},"5":{"start":{"line":9,"column":3},"end":{"line":9,"column":25}},"6":{"start":{"line":4,"column":0},"end":{"line":4,"column":13}},"7":{"start":{"line":14,"column":24},"end":{"line":38,"column":1}},"8":{"start":{"line":15,"column":1},"end":{"line":37,"column":null}},"9":{"start":{"line":17,"column":3},"end":{"line":17,"column":12}},"10":{"start":{"line":19,"column":3},"end":{"line":19,"column":16}},"11":{"start":{"line":21,"column":3},"end":{"line":21,"column":13}},"12":{"start":{"line":32,"column":3},"end":{"line":32,"column":21}},"13":{"start":{"line":34,"column":3},"end":{"line":34,"column":22}},"14":{"start":{"line":36,"column":3},"end":{"line":36,"column":15}},"15":{"start":{"line":40,"column":24},"end":{"line":47,"column":1}},"16":{"start":{"line":41,"column":1},"end":{"line":46,"column":null}},"17":{"start":{"line":43,"column":2},"end":{"line":43,"column":null}},"18":{"start":{"line":45,"column":2},"end":{"line":45,"column":null}},"19":{"start":{"line":50,"column":20},"end":{"line":50,"column":51}},"20":{"start":{"line":50,"column":60},"end":{"line":50,"column":71}},"21":{"start":{"line":50,"column":85},"end":{"line":50,"column":118}},"22":{"start":{"line":51,"column":2},"end":{"line":53,"column":null}},"23":{"start":{"line":52,"column":3},"end":{"line":52,"column":100}},"24":{"start":{"line":55,"column":2},"end":{"line":55,"column":65}},"25":{"start":{"line":59,"column":2},"end":{"line":63,"column":null}},"26":{"start":{"line":67,"column":2},"end":{"line":67,"column":null}},"27":{"start":{"line":49,"column":0},"end":{"line":49,"column":13}},"28":{"start":{"line":72,"column":1},"end":{"line":72,"column":null}},"29":{"start":{"line":73,"column":1},"end":{"line":77,"column":3}},"30":{"start":{"line":78,"column":1},"end":{"line":78,"column":15}},"31":{"start":{"line":79,"column":1},"end":{"line":79,"column":28}},"32":{"start":{"line":82,"column":2},"end":{"line":82,"column":20}},"33":{"start":{"line":83,"column":2},"end":{"line":83,"column":48}},"34":{"start":{"line":85,"column":2},"end":{"line":87,"column":null}},"35":{"start":{"line":86,"column":3},"end":{"line":86,"column":18}},"36":{"start":{"line":89,"column":2},"end":{"line":101,"column":null}},"37":{"start":{"line":90,"column":3},"end":{"line":100,"column":null}},"38":{"start":{"line":91,"column":4},"end":{"line":99,"column":null}},"39":{"start":{"line":92,"column":5},"end":{"line":98,"column":null}},"40":{"start":{"line":93,"column":6},"end":{"line":95,"column":null}},"41":{"start":{"line":94,"column":7},"end":{"line":94,"column":39}},"42":{"start":{"line":97,"column":6},"end":{"line":97,"column":null}},"43":{"start":{"line":105,"column":2},"end":{"line":105,"column":20}},"44":{"start":{"line":109,"column":2},"end":{"line":109,"column":34}},"45":{"start":{"line":113,"column":2},"end":{"line":113,"column":27}},"46":{"start":{"line":120,"column":2},"end":{"line":120,"column":71}},"47":{"start":{"line":124,"column":2},"end":{"line":138,"column":null}},"48":{"start":{"line":125,"column":30},"end":{"line":125,"column":50}},"49":{"start":{"line":127,"column":17},"end":{"line":127,"column":33}},"50":{"start":{"line":129,"column":3},"end":{"line":137,"column":null}},"51":{"start":{"line":130,"column":4},"end":{"line":136,"column":null}},"52":{"start":{"line":131,"column":5},"end":{"line":133,"column":null}},"53":{"start":{"line":132,"column":6},"end":{"line":132,"column":47}},"54":{"start":{"line":135,"column":5},"end":{"line":135,"column":29}},"55":{"start":{"line":142,"column":2},"end":{"line":156,"column":null}},"56":{"start":{"line":143,"column":30},"end":{"line":143,"column":50}},"57":{"start":{"line":145,"column":17},"end":{"line":145,"column":33}},"58":{"start":{"line":147,"column":3},"end":{"line":155,"column":null}},"59":{"start":{"line":148,"column":4},"end":{"line":154,"column":null}},"60":{"start":{"line":149,"column":5},"end":{"line":151,"column":null}},"61":{"start":{"line":150,"column":6},"end":{"line":150,"column":null}},"62":{"start":{"line":153,"column":5},"end":{"line":153,"column":44}},"63":{"start":{"line":158,"column":2},"end":{"line":158,"column":15}},"64":{"start":{"line":162,"column":2},"end":{"line":174,"column":null}},"65":{"start":{"line":163,"column":30},"end":{"line":163,"column":50}},"66":{"start":{"line":165,"column":17},"end":{"line":165,"column":33}},"67":{"start":{"line":167,"column":3},"end":{"line":171,"column":null}},"68":{"start":{"line":168,"column":4},"end":{"line":170,"column":null}},"69":{"start":{"line":169,"column":5},"end":{"line":169,"column":null}},"70":{"start":{"line":173,"column":3},"end":{"line":173,"column":24}},"71":{"start":{"line":176,"column":2},"end":{"line":176,"column":null}},"72":{"start":{"line":180,"column":14},"end":{"line":180,"column":53}},"73":{"start":{"line":182,"column":2},"end":{"line":194,"column":null}},"74":{"start":{"line":183,"column":3},"end":{"line":185,"column":null}},"75":{"start":{"line":183,"column":49},"end":{"line":183,"column":73}},"76":{"start":{"line":184,"column":4},"end":{"line":184,"column":17}},"77":{"start":{"line":187,"column":3},"end":{"line":189,"column":null}},"78":{"start":{"line":188,"column":4},"end":{"line":188,"column":103}},"79":{"start":{"line":191,"column":3},"end":{"line":193,"column":87}},"80":{"start":{"line":196,"column":2},"end":{"line":196,"column":15}},"81":{"start":{"line":200,"column":37},"end":{"line":200,"column":46}},"82":{"start":{"line":202,"column":25},"end":{"line":202,"column":86}},"83":{"start":{"line":202,"column":62},"end":{"line":202,"column":85}},"84":{"start":{"line":204,"column":2},"end":{"line":224,"column":null}},"85":{"start":{"line":205,"column":3},"end":{"line":223,"column":null}},"86":{"start":{"line":206,"column":22},"end":{"line":206,"column":56}},"87":{"start":{"line":208,"column":4},"end":{"line":218,"column":null}},"88":{"start":{"line":209,"column":15},"end":{"line":209,"column":30}},"89":{"start":{"line":210,"column":5},"end":{"line":216,"column":null}},"90":{"start":{"line":211,"column":6},"end":{"line":213,"column":null}},"91":{"start":{"line":212,"column":7},"end":{"line":212,"column":null}},"92":{"start":{"line":215,"column":6},"end":{"line":215,"column":34}},"93":{"start":{"line":217,"column":5},"end":{"line":217,"column":14}},"94":{"start":{"line":220,"column":4},"end":{"line":222,"column":null}},"95":{"start":{"line":221,"column":5},"end":{"line":221,"column":33}},"96":{"start":{"line":226,"column":2},"end":{"line":226,"column":35}},"97":{"start":{"line":230,"column":28},"end":{"line":230,"column":30}},"98":{"start":{"line":232,"column":2},"end":{"line":238,"column":null}},"99":{"start":{"line":233,"column":3},"end":{"line":237,"column":null}},"100":{"start":{"line":234,"column":16},"end":{"line":234,"column":33}},"101":{"start":{"line":236,"column":4},"end":{"line":236,"column":32}},"102":{"start":{"line":240,"column":2},"end":{"line":240,"column":14}},"103":{"start":{"line":244,"column":2},"end":{"line":244,"column":null}},"104":{"start":{"line":248,"column":18},"end":{"line":248,"column":28}},"105":{"start":{"line":250,"column":36},"end":{"line":255,"column":8}},"106":{"start":{"line":257,"column":2},"end":{"line":275,"column":null}},"107":{"start":{"line":258,"column":3},"end":{"line":274,"column":null}},"108":{"start":{"line":259,"column":16},"end":{"line":259,"column":33}},"109":{"start":{"line":261,"column":4},"end":{"line":273,"column":null}},"110":{"start":{"line":263,"column":6},"end":{"line":263,"column":56}},"111":{"start":{"line":264,"column":6},"end":{"line":264,"column":12}},"112":{"start":{"line":266,"column":6},"end":{"line":266,"column":43}},"113":{"start":{"line":267,"column":6},"end":{"line":267,"column":12}},"114":{"start":{"line":269,"column":6},"end":{"line":269,"column":82}},"115":{"start":{"line":270,"column":6},"end":{"line":270,"column":12}},"116":{"start":{"line":272,"column":6},"end":{"line":272,"column":37}},"117":{"start":{"line":277,"column":2},"end":{"line":277,"column":18}},"118":{"start":{"line":71,"column":0},"end":{"line":71,"column":13}},"119":{"start":{"line":282,"column":1},"end":{"line":301,"column":null}},"120":{"start":{"line":301,"column":16},"end":{"line":301,"column":81}}},"fnMap":{"0":{"name":"(anonymous_2)","decl":{"start":{"line":4,"column":0},"end":{"line":4,"column":13}},"loc":{"start":{"line":4,"column":0},"end":{"line":12,"column":1}}},"1":{"name":"(anonymous_3)","decl":{"start":{"line":5,"column":10},"end":{"line":5,"column":13}},"loc":{"start":{"line":5,"column":15},"end":{"line":11,"column":2}}},"2":{"name":"(anonymous_4)","decl":{"start":{"line":14,"column":24},"end":{"line":14,"column":25}},"loc":{"start":{"line":14,"column":46},"end":{"line":38,"column":1}}},"3":{"name":"(anonymous_5)","decl":{"start":{"line":40,"column":24},"end":{"line":40,"column":25}},"loc":{"start":{"line":40,"column":58},"end":{"line":47,"column":1}}},"4":{"name":"(anonymous_6)","decl":{"start":{"line":50,"column":1},"end":{"line":50,"column":20}},"loc":{"start":{"line":50,"column":122},"end":{"line":56,"column":2}}},"5":{"name":"(anonymous_7)","decl":{"start":{"line":58,"column":1},"end":{"line":58,"column":7}},"loc":{"start":{"line":58,"column":7},"end":{"line":64,"column":2}}},"6":{"name":"(anonymous_8)","decl":{"start":{"line":66,"column":1},"end":{"line":66,"column":9}},"loc":{"start":{"line":66,"column":9},"end":{"line":68,"column":2}}},"7":{"name":"(anonymous_9)","decl":{"start":{"line":81,"column":1},"end":{"line":81,"column":13}},"loc":{"start":{"line":81,"column":83},"end":{"line":102,"column":2}}},"8":{"name":"(anonymous_10)","decl":{"start":{"line":104,"column":1},"end":{"line":104,"column":5}},"loc":{"start":{"line":104,"column":9},"end":{"line":106,"column":2}}},"9":{"name":"(anonymous_11)","decl":{"start":{"line":108,"column":1},"end":{"line":108,"column":5}},"loc":{"start":{"line":108,"column":23},"end":{"line":110,"column":2}}},"10":{"name":"(anonymous_12)","decl":{"start":{"line":112,"column":1},"end":{"line":112,"column":5}},"loc":{"start":{"line":112,"column":16},"end":{"line":114,"column":2}}},"11":{"name":"(anonymous_13)","decl":{"start":{"line":116,"column":1},"end":{"line":116,"column":12}},"loc":{"start":{"line":119,"column":86},"end":{"line":121,"column":2}}},"12":{"name":"(anonymous_14)","decl":{"start":{"line":123,"column":1},"end":{"line":123,"column":12}},"loc":{"start":{"line":123,"column":35},"end":{"line":139,"column":2}}},"13":{"name":"(anonymous_15)","decl":{"start":{"line":141,"column":1},"end":{"line":141,"column":9}},"loc":{"start":{"line":141,"column":32},"end":{"line":159,"column":2}}},"14":{"name":"(anonymous_16)","decl":{"start":{"line":161,"column":1},"end":{"line":161,"column":9}},"loc":{"start":{"line":161,"column":32},"end":{"line":177,"column":2}}},"15":{"name":"(anonymous_17)","decl":{"start":{"line":179,"column":1},"end":{"line":179,"column":18}},"loc":{"start":{"line":179,"column":60},"end":{"line":197,"column":2}}},"16":{"name":"(anonymous_18)","decl":{"start":{"line":183,"column":44},"end":{"line":183,"column":45}},"loc":{"start":{"line":183,"column":49},"end":{"line":183,"column":73}}},"17":{"name":"(anonymous_19)","decl":{"start":{"line":199,"column":1},"end":{"line":199,"column":27}},"loc":{"start":{"line":199,"column":55},"end":{"line":227,"column":2}}},"18":{"name":"(anonymous_20)","decl":{"start":{"line":202,"column":55},"end":{"line":202,"column":58}},"loc":{"start":{"line":202,"column":62},"end":{"line":202,"column":85}}},"19":{"name":"(anonymous_21)","decl":{"start":{"line":211,"column":55},"end":{"line":211,"column":56}},"loc":{"start":{"line":211,"column":69},"end":{"line":213,"column":7}}},"20":{"name":"(anonymous_22)","decl":{"start":{"line":229,"column":1},"end":{"line":229,"column":7}},"loc":{"start":{"line":229,"column":7},"end":{"line":241,"column":2}}},"21":{"name":"(anonymous_23)","decl":{"start":{"line":243,"column":1},"end":{"line":243,"column":9}},"loc":{"start":{"line":243,"column":9},"end":{"line":245,"column":2}}},"22":{"name":"(anonymous_24)","decl":{"start":{"line":247,"column":1},"end":{"line":247,"column":8}},"loc":{"start":{"line":247,"column":8},"end":{"line":278,"column":2}}},"23":{"name":"isSupportedTypeValue","decl":{"start":{"line":281,"column":9},"end":{"line":281,"column":29}},"loc":{"start":{"line":281,"column":40},"end":{"line":302,"column":1}}},"24":{"name":"(anonymous_26)","decl":{"start":{"line":301,"column":8},"end":{"line":301,"column":12}},"loc":{"start":{"line":301,"column":16},"end":{"line":301,"column":81}}}},"branchMap":{"0":{"loc":{"start":{"line":15,"column":1},"end":{"line":37,"column":null}},"type":"switch","locations":[{"start":{"line":16,"column":2},"end":{"line":17,"column":12}},{"start":{"line":18,"column":2},"end":{"line":19,"column":16}},{"start":{"line":20,"column":2},"end":{"line":21,"column":13}},{"start":{"line":22,"column":2},"end":{"line":22,"column":13}},{"start":{"line":23,"column":2},"end":{"line":23,"column":20}},{"start":{"line":24,"column":2},"end":{"line":24,"column":20}},{"start":{"line":25,"column":2},"end":{"line":25,"column":17}},{"start":{"line":26,"column":2},"end":{"line":26,"column":18}},{"start":{"line":27,"column":2},"end":{"line":27,"column":18}},{"start":{"line":28,"column":2},"end":{"line":28,"column":18}},{"start":{"line":29,"column":2},"end":{"line":29,"column":25}},{"start":{"line":30,"column":2},"end":{"line":30,"column":19}},{"start":{"line":31,"column":2},"end":{"line":32,"column":21}},{"start":{"line":33,"column":2},"end":{"line":34,"column":22}},{"start":{"line":35,"column":2},"end":{"line":36,"column":15}}]},"1":{"loc":{"start":{"line":43,"column":9},"end":{"line":43,"column":74}},"type":"binary-expr","locations":[{"start":{"line":43,"column":9},"end":{"line":43,"column":30}},{"start":{"line":43,"column":34},"end":{"line":43,"column":74}}]},"2":{"loc":{"start":{"line":50,"column":60},"end":{"line":50,"column":76}},"type":"default-arg","locations":[{"start":{"line":50,"column":71},"end":{"line":50,"column":76}}]},"3":{"loc":{"start":{"line":50,"column":85},"end":{"line":50,"column":122}},"type":"default-arg","locations":[{"start":{"line":50,"column":118},"end":{"line":50,"column":122}}]},"4":{"loc":{"start":{"line":51,"column":2},"end":{"line":53,"column":null}},"type":"if","locations":[{"start":{"line":51,"column":2},"end":{"line":53,"column":null}}]},"5":{"loc":{"start":{"line":51,"column":6},"end":{"line":51,"column":67}},"type":"binary-expr","locations":[{"start":{"line":51,"column":6},"end":{"line":51,"column":27}},{"start":{"line":51,"column":31},"end":{"line":51,"column":67}}]},"6":{"loc":{"start":{"line":55,"column":22},"end":{"line":55,"column":64}},"type":"binary-expr","locations":[{"start":{"line":55,"column":22},"end":{"line":55,"column":34}},{"start":{"line":55,"column":38},"end":{"line":55,"column":64}}]},"7":{"loc":{"start":{"line":60,"column":9},"end":{"line":60,"column":74}},"type":"cond-expr","locations":[{"start":{"line":60,"column":39},"end":{"line":60,"column":57}},{"start":{"line":60,"column":60},"end":{"line":60,"column":74}}]},"8":{"loc":{"start":{"line":81,"column":27},"end":{"line":81,"column":56}},"type":"default-arg","locations":[{"start":{"line":81,"column":52},"end":{"line":81,"column":56}}]},"9":{"loc":{"start":{"line":81,"column":58},"end":{"line":81,"column":83}},"type":"default-arg","locations":[{"start":{"line":81,"column":79},"end":{"line":81,"column":83}}]},"10":{"loc":{"start":{"line":85,"column":2},"end":{"line":87,"column":null}},"type":"if","locations":[{"start":{"line":85,"column":2},"end":{"line":87,"column":null}}]},"11":{"loc":{"start":{"line":89,"column":2},"end":{"line":101,"column":null}},"type":"if","locations":[{"start":{"line":89,"column":2},"end":{"line":101,"column":null}}]},"12":{"loc":{"start":{"line":91,"column":4},"end":{"line":99,"column":null}},"type":"if","locations":[{"start":{"line":91,"column":4},"end":{"line":99,"column":null}}]},"13":{"loc":{"start":{"line":92,"column":5},"end":{"line":98,"column":null}},"type":"if","locations":[{"start":{"line":92,"column":5},"end":{"line":98,"column":null}},{"start":{"line":96,"column":12},"end":{"line":98,"column":null}}]},"14":{"loc":{"start":{"line":93,"column":6},"end":{"line":95,"column":null}},"type":"if","locations":[{"start":{"line":93,"column":6},"end":{"line":95,"column":null}}]},"15":{"loc":{"start":{"line":116,"column":47},"end":{"line":119,"column":86}},"type":"default-arg","locations":[{"start":{"line":119,"column":49},"end":{"line":119,"column":86}}]},"16":{"loc":{"start":{"line":124,"column":2},"end":{"line":138,"column":null}},"type":"if","locations":[{"start":{"line":124,"column":2},"end":{"line":138,"column":null}}]},"17":{"loc":{"start":{"line":129,"column":3},"end":{"line":137,"column":null}},"type":"if","locations":[{"start":{"line":129,"column":3},"end":{"line":137,"column":null}}]},"18":{"loc":{"start":{"line":130,"column":4},"end":{"line":136,"column":null}},"type":"if","locations":[{"start":{"line":130,"column":4},"end":{"line":136,"column":null}},{"start":{"line":134,"column":11},"end":{"line":136,"column":null}}]},"19":{"loc":{"start":{"line":131,"column":5},"end":{"line":133,"column":null}},"type":"if","locations":[{"start":{"line":131,"column":5},"end":{"line":133,"column":null}}]},"20":{"loc":{"start":{"line":142,"column":2},"end":{"line":156,"column":null}},"type":"if","locations":[{"start":{"line":142,"column":2},"end":{"line":156,"column":null}}]},"21":{"loc":{"start":{"line":147,"column":3},"end":{"line":155,"column":null}},"type":"if","locations":[{"start":{"line":147,"column":3},"end":{"line":155,"column":null}}]},"22":{"loc":{"start":{"line":148,"column":4},"end":{"line":154,"column":null}},"type":"if","locations":[{"start":{"line":148,"column":4},"end":{"line":154,"column":null}},{"start":{"line":152,"column":11},"end":{"line":154,"column":null}}]},"23":{"loc":{"start":{"line":149,"column":5},"end":{"line":151,"column":null}},"type":"if","locations":[{"start":{"line":149,"column":5},"end":{"line":151,"column":null}}]},"24":{"loc":{"start":{"line":162,"column":2},"end":{"line":174,"column":null}},"type":"if","locations":[{"start":{"line":162,"column":2},"end":{"line":174,"column":null}}]},"25":{"loc":{"start":{"line":167,"column":3},"end":{"line":171,"column":null}},"type":"if","locations":[{"start":{"line":167,"column":3},"end":{"line":171,"column":null}}]},"26":{"loc":{"start":{"line":167,"column":7},"end":{"line":167,"column":29}},"type":"binary-expr","locations":[{"start":{"line":167,"column":7},"end":{"line":167,"column":12}},{"start":{"line":167,"column":16},"end":{"line":167,"column":29}}]},"27":{"loc":{"start":{"line":168,"column":4},"end":{"line":170,"column":null}},"type":"if","locations":[{"start":{"line":168,"column":4},"end":{"line":170,"column":null}}]},"28":{"loc":{"start":{"line":173,"column":10},"end":{"line":173,"column":23}},"type":"binary-expr","locations":[{"start":{"line":173,"column":10},"end":{"line":173,"column":15}},{"start":{"line":173,"column":19},"end":{"line":173,"column":23}}]},"29":{"loc":{"start":{"line":179,"column":43},"end":{"line":179,"column":60}},"type":"default-arg","locations":[{"start":{"line":179,"column":56},"end":{"line":179,"column":60}}]},"30":{"loc":{"start":{"line":182,"column":2},"end":{"line":194,"column":null}},"type":"if","locations":[{"start":{"line":182,"column":2},"end":{"line":194,"column":null}}]},"31":{"loc":{"start":{"line":183,"column":3},"end":{"line":185,"column":null}},"type":"if","locations":[{"start":{"line":183,"column":3},"end":{"line":185,"column":null}}]},"32":{"loc":{"start":{"line":183,"column":7},"end":{"line":183,"column":74}},"type":"binary-expr","locations":[{"start":{"line":183,"column":7},"end":{"line":183,"column":29}},{"start":{"line":183,"column":33},"end":{"line":183,"column":74}}]},"33":{"loc":{"start":{"line":187,"column":3},"end":{"line":189,"column":null}},"type":"if","locations":[{"start":{"line":187,"column":3},"end":{"line":189,"column":null}}]},"34":{"loc":{"start":{"line":188,"column":11},"end":{"line":188,"column":102}},"type":"binary-expr","locations":[{"start":{"line":188,"column":11},"end":{"line":188,"column":43}},{"start":{"line":188,"column":47},"end":{"line":188,"column":102}}]},"35":{"loc":{"start":{"line":191,"column":10},"end":{"line":193,"column":86}},"type":"cond-expr","locations":[{"start":{"line":192,"column":6},"end":{"line":192,"column":55}},{"start":{"line":193,"column":6},"end":{"line":193,"column":86}}]},"36":{"loc":{"start":{"line":192,"column":6},"end":{"line":192,"column":55}},"type":"binary-expr","locations":[{"start":{"line":192,"column":6},"end":{"line":192,"column":19}},{"start":{"line":192,"column":23},"end":{"line":192,"column":55}}]},"37":{"loc":{"start":{"line":193,"column":6},"end":{"line":193,"column":86}},"type":"binary-expr","locations":[{"start":{"line":193,"column":6},"end":{"line":193,"column":20}},{"start":{"line":193,"column":24},"end":{"line":193,"column":50}},{"start":{"line":193,"column":54},"end":{"line":193,"column":86}}]},"38":{"loc":{"start":{"line":205,"column":3},"end":{"line":223,"column":null}},"type":"if","locations":[{"start":{"line":205,"column":3},"end":{"line":223,"column":null}}]},"39":{"loc":{"start":{"line":208,"column":4},"end":{"line":218,"column":null}},"type":"if","locations":[{"start":{"line":208,"column":4},"end":{"line":218,"column":null}}]},"40":{"loc":{"start":{"line":210,"column":5},"end":{"line":216,"column":null}},"type":"if","locations":[{"start":{"line":210,"column":5},"end":{"line":216,"column":null}},{"start":{"line":214,"column":12},"end":{"line":216,"column":null}}]},"41":{"loc":{"start":{"line":220,"column":4},"end":{"line":222,"column":null}},"type":"if","locations":[{"start":{"line":220,"column":4},"end":{"line":222,"column":null}}]},"42":{"loc":{"start":{"line":233,"column":3},"end":{"line":237,"column":null}},"type":"if","locations":[{"start":{"line":233,"column":3},"end":{"line":237,"column":null}}]},"43":{"loc":{"start":{"line":250,"column":36},"end":{"line":255,"column":8}},"type":"cond-expr","locations":[{"start":{"line":250,"column":62},"end":{"line":255,"column":4}},{"start":{"line":255,"column":6},"end":{"line":255,"column":8}}]},"44":{"loc":{"start":{"line":258,"column":3},"end":{"line":274,"column":null}},"type":"if","locations":[{"start":{"line":258,"column":3},"end":{"line":274,"column":null}}]},"45":{"loc":{"start":{"line":258,"column":7},"end":{"line":258,"column":77}},"type":"binary-expr","locations":[{"start":{"line":258,"column":7},"end":{"line":258,"column":39}},{"start":{"line":258,"column":43},"end":{"line":258,"column":77}}]},"46":{"loc":{"start":{"line":261,"column":4},"end":{"line":273,"column":null}},"type":"switch","locations":[{"start":{"line":262,"column":5},"end":{"line":264,"column":12}},{"start":{"line":265,"column":5},"end":{"line":267,"column":12}},{"start":{"line":268,"column":5},"end":{"line":270,"column":12}},{"start":{"line":271,"column":5},"end":{"line":272,"column":37}}]},"47":{"loc":{"start":{"line":269,"column":20},"end":{"line":269,"column":81}},"type":"cond-expr","locations":[{"start":{"line":269,"column":55},"end":{"line":269,"column":71}},{"start":{"line":269,"column":74},"end":{"line":269,"column":81}}]},"48":{"loc":{"start":{"line":282,"column":8},"end":{"line":301,"column":82}},"type":"binary-expr","locations":[{"start":{"line":282,"column":8},"end":{"line":282,"column":22}},{"start":{"line":282,"column":26},"end":{"line":301,"column":82}}]},"49":{"loc":{"start":{"line":301,"column":16},"end":{"line":301,"column":81}},"type":"binary-expr","locations":[{"start":{"line":301,"column":16},"end":{"line":301,"column":37}},{"start":{"line":301,"column":41},"end":{"line":301,"column":81}}]}},"s":{"0":2,"1":2,"2":38,"3":38,"4":38,"5":38,"6":2,"7":2,"8":125,"9":2,"10":10,"11":35,"12":2,"13":1,"14":75,"15":2,"16":155,"17":155,"18":0,"19":131,"20":131,"21":131,"22":131,"23":3,"24":128,"25":90,"26":2,"27":2,"28":19,"29":19,"30":19,"31":19,"32":19,"33":19,"34":19,"35":2,"36":19,"37":9,"38":19,"39":19,"40":18,"41":18,"42":1,"43":1,"44":34,"45":524,"46":48,"47":3,"48":3,"49":3,"50":3,"51":3,"52":1,"53":1,"54":2,"55":6,"56":6,"57":6,"58":6,"59":4,"60":2,"61":2,"62":2,"63":2,"64":440,"65":439,"66":439,"67":439,"68":2,"69":2,"70":437,"71":1,"72":218,"73":218,"74":209,"75":15,"76":4,"77":205,"78":6,"79":199,"80":9,"81":75,"82":75,"83":432,"84":75,"85":249,"86":210,"87":210,"88":38,"89":38,"90":34,"91":4,"92":4,"93":38,"94":172,"95":22,"96":75,"97":15,"98":15,"99":83,"100":83,"101":83,"102":15,"103":3,"104":34,"105":34,"106":34,"107":216,"108":117,"109":117,"110":15,"111":15,"112":2,"113":2,"114":2,"115":2,"116":98,"117":34,"118":2,"119":15,"120":122},"f":{"0":38,"1":38,"2":125,"3":155,"4":131,"5":90,"6":2,"7":19,"8":1,"9":34,"10":524,"11":48,"12":3,"13":6,"14":440,"15":218,"16":15,"17":75,"18":432,"19":4,"20":15,"21":3,"22":34,"23":15,"24":122},"b":{"0":[2,10,35,1,1,1,1,1,2,2,2,2,2,1,75],"1":[155,142],"2":[19],"3":[99],"4":[3],"5":[131,6],"6":[128,125],"7":[5,85],"8":[8],"9":[17],"10":[2],"11":[9],"12":[19],"13":[18,1],"14":[18],"15":[26],"16":[3],"17":[3],"18":[1,2],"19":[1],"20":[6],"21":[4],"22":[2,2],"23":[2],"24":[439],"25":[2],"26":[439,419],"27":[2],"28":[437,20],"29":[12],"30":[209],"31":[4],"32":[209,6],"33":[6],"34":[6,6],"35":[134,65],"36":[134,124],"37":[65,63,25],"38":[210],"39":[38],"40":[34,4],"41":[22],"42":[83],"43":[33,1],"44":[117],"45":[216,216],"46":[15,2,2,98],"47":[0,2],"48":[15,15],"49":[122,121]}}
,"/Users/ecorreia/Sites/@beforesemicolon/client-web-storage/src/utils/generate-uuid.ts": {"path":"/Users/ecorreia/Sites/@beforesemicolon/client-web-storage/src/utils/generate-uuid.ts","statementMap":{"0":{"start":{"line":2,"column":28},"end":{"line":18,"column":1}},"1":{"start":{"line":3,"column":9},"end":{"line":3,"column":29}},"2":{"start":{"line":4,"column":10},"end":{"line":4,"column":100}},"3":{"start":{"line":6,"column":1},"end":{"line":17,"column":4}},"4":{"start":{"line":7,"column":10},"end":{"line":7,"column":28}},"5":{"start":{"line":9,"column":2},"end":{"line":15,"column":null}},"6":{"start":{"line":10,"column":3},"end":{"line":10,"column":22}},"7":{"start":{"line":11,"column":3},"end":{"line":11,"column":24}},"8":{"start":{"line":13,"column":3},"end":{"line":13,"column":23}},"9":{"start":{"line":14,"column":3},"end":{"line":14,"column":26}},"10":{"start":{"line":16,"column":2},"end":{"line":16,"column":56}},"11":{"start":{"line":2,"column":13},"end":{"line":2,"column":28}}},"fnMap":{"0":{"name":"(anonymous_0)","decl":{"start":{"line":2,"column":28},"end":{"line":2,"column":31}},"loc":{"start":{"line":2,"column":33},"end":{"line":18,"column":1}}},"1":{"name":"(anonymous_1)","decl":{"start":{"line":6,"column":64},"end":{"line":6,"column":73}},"loc":{"start":{"line":6,"column":74},"end":{"line":17,"column":2}}}},"branchMap":{"0":{"loc":{"start":{"line":4,"column":10},"end":{"line":4,"column":100}},"type":"binary-expr","locations":[{"start":{"line":4,"column":12},"end":{"line":4,"column":46}},{"start":{"line":4,"column":51},"end":{"line":4,"column":66}},{"start":{"line":4,"column":71},"end":{"line":4,"column":93}},{"start":{"line":4,"column":99},"end":{"line":4,"column":100}}]},"1":{"loc":{"start":{"line":9,"column":2},"end":{"line":15,"column":null}},"type":"if","locations":[{"start":{"line":9,"column":2},"end":{"line":15,"column":null}},{"start":{"line":12,"column":9},"end":{"line":15,"column":null}}]},"2":{"loc":{"start":{"line":16,"column":10},"end":{"line":16,"column":41}},"type":"cond-expr","locations":[{"start":{"line":16,"column":22},"end":{"line":16,"column":23}},{"start":{"line":16,"column":27},"end":{"line":16,"column":40}}]}},"s":{"0":2,"1":38,"2":38,"3":38,"4":1178,"5":1178,"6":418,"7":418,"8":760,"9":760,"10":1178,"11":2},"f":{"0":38,"1":1178},"b":{"0":[38,38,38,0],"1":[418,760],"2":[1140,38]}}
,"/Users/ecorreia/Sites/@beforesemicolon/client-web-storage/src/utils/is-nil.ts": {"path":"/Users/ecorreia/Sites/@beforesemicolon/client-web-storage/src/utils/is-nil.ts","statementMap":{"0":{"start":{"line":1,"column":21},"end":{"line":1,"column":68}},"1":{"start":{"line":1,"column":35},"end":{"line":1,"column":68}},"2":{"start":{"line":1,"column":13},"end":{"line":1,"column":21}}},"fnMap":{"0":{"name":"(anonymous_0)","decl":{"start":{"line":1,"column":21},"end":{"line":1,"column":22}},"loc":{"start":{"line":1,"column":35},"end":{"line":1,"column":68}}}},"branchMap":{"0":{"loc":{"start":{"line":1,"column":35},"end":{"line":1,"column":68}},"type":"binary-expr","locations":[{"start":{"line":1,"column":35},"end":{"line":1,"column":47}},{"start":{"line":1,"column":51},"end":{"line":1,"column":68}}]}},"s":{"0":2,"1":134,"2":2},"f":{"0":134},"b":{"0":[134,124]}}
}
