{"/Users/ecorreia/Sites/@beforesemicolon/client-web-storage/src/ClientStore.ts": {"path":"/Users/ecorreia/Sites/@beforesemicolon/client-web-storage/src/ClientStore.ts","statementMap":{"0":{"start":{"line":1,"column":0},"end":{"line":1,"column":73}},"1":{"start":{"line":2,"column":0},"end":{"line":2,"column":32}},"2":{"start":{"line":3,"column":0},"end":{"line":3,"column":58}},"3":{"start":{"line":5,"column":0},"end":{"line":5,"column":40}},"4":{"start":{"line":7,"column":22},"end":{"line":12,"column":null}},"5":{"start":{"line":15,"column":1},"end":{"line":15,"column":21}},"6":{"start":{"line":16,"column":1},"end":{"line":16,"column":29}},"7":{"start":{"line":17,"column":1},"end":{"line":17,"column":20}},"8":{"start":{"line":18,"column":1},"end":{"line":18,"column":20}},"9":{"start":{"line":19,"column":1},"end":{"line":19,"column":50}},"10":{"start":{"line":20,"column":1},"end":{"line":20,"column":68}},"11":{"start":{"line":20,"column":63},"end":{"line":20,"column":67}},"12":{"start":{"line":21,"column":1},"end":{"line":21,"column":16}},"13":{"start":{"line":22,"column":1},"end":{"line":22,"column":11}},"14":{"start":{"line":25,"column":2},"end":{"line":25,"column":30}},"15":{"start":{"line":26,"column":2},"end":{"line":26,"column":47}},"16":{"start":{"line":28,"column":2},"end":{"line":30,"column":null}},"17":{"start":{"line":29,"column":3},"end":{"line":29,"column":null}},"18":{"start":{"line":32,"column":15},"end":{"line":32,"column":44}},"19":{"start":{"line":34,"column":2},"end":{"line":34,"column":24}},"20":{"start":{"line":35,"column":2},"end":{"line":41,"column":5}},"21":{"start":{"line":43,"column":2},"end":{"line":47,"column":null}},"22":{"start":{"line":44,"column":3},"end":{"line":44,"column":74}},"23":{"start":{"line":45,"column":3},"end":{"line":45,"column":22}},"24":{"start":{"line":46,"column":3},"end":{"line":46,"column":54}},"25":{"start":{"line":54,"column":2},"end":{"line":54,"column":21}},"26":{"start":{"line":61,"column":2},"end":{"line":61,"column":30}},"27":{"start":{"line":68,"column":2},"end":{"line":68,"column":54}},"28":{"start":{"line":75,"column":2},"end":{"line":75,"column":20}},"29":{"start":{"line":87,"column":2},"end":{"line":89,"column":null}},"30":{"start":{"line":88,"column":3},"end":{"line":88,"column":null}},"31":{"start":{"line":91,"column":2},"end":{"line":93,"column":null}},"32":{"start":{"line":92,"column":3},"end":{"line":92,"column":null}},"33":{"start":{"line":92,"column":53},"end":{"line":92,"column":62}},"34":{"start":{"line":102,"column":2},"end":{"line":104,"column":null}},"35":{"start":{"line":103,"column":3},"end":{"line":103,"column":39}},"36":{"start":{"line":106,"column":2},"end":{"line":108,"column":null}},"37":{"start":{"line":107,"column":3},"end":{"line":107,"column":42}},"38":{"start":{"line":107,"column":37},"end":{"line":107,"column":41}},"39":{"start":{"line":116,"column":2},"end":{"line":157,"column":null}},"40":{"start":{"line":117,"column":3},"end":{"line":156,"column":null}},"41":{"start":{"line":118,"column":25},"end":{"line":118,"column":93}},"42":{"start":{"line":120,"column":4},"end":{"line":149,"column":null}},"43":{"start":{"line":121,"column":25},"end":{"line":121,"column":133}},"44":{"start":{"line":121,"column":72},"end":{"line":121,"column":107}},"45":{"start":{"line":122,"column":22},"end":{"line":122,"column":31}},"46":{"start":{"line":124,"column":5},"end":{"line":137,"column":null}},"47":{"start":{"line":125,"column":20},"end":{"line":125,"column":76}},"48":{"start":{"line":127,"column":6},"end":{"line":136,"column":null}},"49":{"start":{"line":128,"column":7},"end":{"line":135,"column":null}},"50":{"start":{"line":130,"column":8},"end":{"line":130,"column":41}},"51":{"start":{"line":132,"column":8},"end":{"line":132,"column":60}},"52":{"start":{"line":134,"column":8},"end":{"line":134,"column":42}},"53":{"start":{"line":138,"column":24},"end":{"line":138,"column":53}},"54":{"start":{"line":140,"column":5},"end":{"line":140,"column":45}},"55":{"start":{"line":141,"column":5},"end":{"line":141,"column":63}},"56":{"start":{"line":143,"column":5},"end":{"line":143,"column":null}},"57":{"start":{"line":145,"column":5},"end":{"line":148,"column":8}},"58":{"start":{"line":151,"column":4},"end":{"line":155,"column":7}},"59":{"start":{"line":159,"column":2},"end":{"line":159,"column":14}},"60":{"start":{"line":167,"column":24},"end":{"line":167,"column":70}},"61":{"start":{"line":169,"column":2},"end":{"line":204,"column":null}},"62":{"start":{"line":170,"column":19},"end":{"line":170,"column":41}},"63":{"start":{"line":172,"column":3},"end":{"line":177,"column":null}},"64":{"start":{"line":173,"column":4},"end":{"line":176,"column":null}},"65":{"start":{"line":175,"column":5},"end":{"line":175,"column":null}},"66":{"start":{"line":179,"column":3},"end":{"line":200,"column":null}},"67":{"start":{"line":180,"column":25},"end":{"line":180,"column":96}},"68":{"start":{"line":182,"column":4},"end":{"line":192,"column":null}},"69":{"start":{"line":183,"column":5},"end":{"line":183,"column":57}},"70":{"start":{"line":184,"column":5},"end":{"line":184,"column":45}},"71":{"start":{"line":185,"column":5},"end":{"line":185,"column":61}},"72":{"start":{"line":186,"column":5},"end":{"line":186,"column":20}},"73":{"start":{"line":188,"column":5},"end":{"line":191,"column":8}},"74":{"start":{"line":194,"column":4},"end":{"line":194,"column":86}},"75":{"start":{"line":195,"column":4},"end":{"line":199,"column":7}},"76":{"start":{"line":203,"column":3},"end":{"line":203,"column":15}},"77":{"start":{"line":206,"column":2},"end":{"line":206,"column":null}},"78":{"start":{"line":215,"column":2},"end":{"line":219,"column":null}},"79":{"start":{"line":216,"column":3},"end":{"line":218,"column":null}},"80":{"start":{"line":217,"column":4},"end":{"line":217,"column":null}},"81":{"start":{"line":221,"column":20},"end":{"line":221,"column":42}},"82":{"start":{"line":222,"column":22},"end":{"line":228,"column":4}},"83":{"start":{"line":230,"column":2},"end":{"line":250,"column":null}},"84":{"start":{"line":231,"column":24},"end":{"line":231,"column":99}},"85":{"start":{"line":233,"column":3},"end":{"line":242,"column":null}},"86":{"start":{"line":234,"column":4},"end":{"line":234,"column":57}},"87":{"start":{"line":235,"column":4},"end":{"line":235,"column":64}},"88":{"start":{"line":236,"column":4},"end":{"line":236,"column":23}},"89":{"start":{"line":238,"column":4},"end":{"line":241,"column":7}},"90":{"start":{"line":244,"column":3},"end":{"line":244,"column":65}},"91":{"start":{"line":245,"column":3},"end":{"line":249,"column":6}},"92":{"start":{"line":252,"column":2},"end":{"line":252,"column":14}},"93":{"start":{"line":259,"column":2},"end":{"line":259,"column":36}},"94":{"start":{"line":259,"column":30},"end":{"line":259,"column":34}},"95":{"start":{"line":267,"column":2},"end":{"line":267,"column":38}},"96":{"start":{"line":275,"column":2},"end":{"line":297,"column":null}},"97":{"start":{"line":276,"column":24},"end":{"line":276,"column":101}},"98":{"start":{"line":278,"column":3},"end":{"line":289,"column":null}},"99":{"start":{"line":279,"column":4},"end":{"line":279,"column":42}},"100":{"start":{"line":280,"column":4},"end":{"line":280,"column":44}},"101":{"start":{"line":281,"column":4},"end":{"line":281,"column":55}},"102":{"start":{"line":283,"column":4},"end":{"line":283,"column":16}},"103":{"start":{"line":285,"column":4},"end":{"line":288,"column":7}},"104":{"start":{"line":291,"column":3},"end":{"line":291,"column":65}},"105":{"start":{"line":292,"column":3},"end":{"line":296,"column":6}},"106":{"start":{"line":299,"column":2},"end":{"line":299,"column":14}},"107":{"start":{"line":306,"column":26},"end":{"line":306,"column":50}},"108":{"start":{"line":308,"column":2},"end":{"line":329,"column":null}},"109":{"start":{"line":309,"column":24},"end":{"line":309,"column":92}},"110":{"start":{"line":311,"column":3},"end":{"line":321,"column":null}},"111":{"start":{"line":312,"column":4},"end":{"line":312,"column":30}},"112":{"start":{"line":313,"column":4},"end":{"line":313,"column":44}},"113":{"start":{"line":314,"column":4},"end":{"line":314,"column":57}},"114":{"start":{"line":315,"column":4},"end":{"line":315,"column":16}},"115":{"start":{"line":317,"column":4},"end":{"line":320,"column":7}},"116":{"start":{"line":323,"column":3},"end":{"line":323,"column":53}},"117":{"start":{"line":324,"column":3},"end":{"line":328,"column":6}},"118":{"start":{"line":331,"column":2},"end":{"line":331,"column":14}},"119":{"start":{"line":338,"column":63},"end":{"line":338,"column":68}},"120":{"start":{"line":339,"column":2},"end":{"line":344,"column":13}},"121":{"start":{"line":340,"column":19},"end":{"line":340,"column":33}},"122":{"start":{"line":341,"column":3},"end":{"line":343,"column":null}},"123":{"start":{"line":342,"column":4},"end":{"line":342,"column":17}},"124":{"start":{"line":351,"column":64},"end":{"line":351,"column":69}},"125":{"start":{"line":352,"column":21},"end":{"line":352,"column":23}},"126":{"start":{"line":354,"column":2},"end":{"line":358,"column":null}},"127":{"start":{"line":355,"column":3},"end":{"line":357,"column":null}},"128":{"start":{"line":356,"column":4},"end":{"line":356,"column":null}},"129":{"start":{"line":360,"column":2},"end":{"line":360,"column":15}},"130":{"start":{"line":14,"column":0},"end":{"line":14,"column":13}},"131":{"start":{"line":78,"column":12},"end":{"line":80,"column":null}},"132":{"start":{"line":79,"column":2},"end":{"line":79,"column":null}},"133":{"start":{"line":79,"column":35},"end":{"line":79,"column":55}},"134":{"start":{"line":364,"column":0},"end":{"line":364,"column":null}},"135":{"start":{"line":378,"column":1},"end":{"line":378,"column":null}},"136":{"start":{"line":379,"column":2},"end":{"line":379,"column":null}},"137":{"start":{"line":380,"column":2},"end":{"line":380,"column":null}},"138":{"start":{"line":381,"column":2},"end":{"line":381,"column":null}},"139":{"start":{"line":382,"column":2},"end":{"line":382,"column":null}},"140":{"start":{"line":383,"column":2},"end":{"line":383,"column":null}},"141":{"start":{"line":384,"column":2},"end":{"line":384,"column":null}},"142":{"start":{"line":385,"column":2},"end":{"line":385,"column":null}},"143":{"start":{"line":386,"column":2},"end":{"line":386,"column":null}},"144":{"start":{"line":389,"column":14},"end":{"line":394,"column":null}}},"fnMap":{"0":{"name":"(anonymous_8)","decl":{"start":{"line":24,"column":1},"end":{"line":24,"column":13}},"loc":{"start":{"line":24,"column":93},"end":{"line":48,"column":2}}},"1":{"name":"(anonymous_9)","decl":{"start":{"line":20,"column":57},"end":{"line":20,"column":60}},"loc":{"start":{"line":20,"column":63},"end":{"line":20,"column":67}}},"2":{"name":"(anonymous_10)","decl":{"start":{"line":43,"column":20},"end":{"line":43,"column":23}},"loc":{"start":{"line":43,"column":25},"end":{"line":47,"column":3}}},"3":{"name":"(anonymous_11)","decl":{"start":{"line":53,"column":1},"end":{"line":53,"column":5}},"loc":{"start":{"line":53,"column":10},"end":{"line":55,"column":2}}},"4":{"name":"(anonymous_12)","decl":{"start":{"line":60,"column":1},"end":{"line":60,"column":5}},"loc":{"start":{"line":60,"column":9},"end":{"line":62,"column":2}}},"5":{"name":"(anonymous_13)","decl":{"start":{"line":67,"column":1},"end":{"line":67,"column":5}},"loc":{"start":{"line":67,"column":9},"end":{"line":69,"column":2}}},"6":{"name":"(anonymous_14)","decl":{"start":{"line":74,"column":1},"end":{"line":74,"column":5}},"loc":{"start":{"line":74,"column":9},"end":{"line":76,"column":2}}},"7":{"name":"(anonymous_15)","decl":{"start":{"line":86,"column":1},"end":{"line":86,"column":10}},"loc":{"start":{"line":86,"column":43},"end":{"line":94,"column":2}}},"8":{"name":"(anonymous_16)","decl":{"start":{"line":91,"column":9},"end":{"line":91,"column":12}},"loc":{"start":{"line":91,"column":14},"end":{"line":93,"column":3}}},"9":{"name":"(anonymous_17)","decl":{"start":{"line":92,"column":48},"end":{"line":92,"column":49}},"loc":{"start":{"line":92,"column":53},"end":{"line":92,"column":62}}},"10":{"name":"(anonymous_18)","decl":{"start":{"line":101,"column":1},"end":{"line":101,"column":13}},"loc":{"start":{"line":101,"column":54},"end":{"line":109,"column":2}}},"11":{"name":"(anonymous_19)","decl":{"start":{"line":106,"column":9},"end":{"line":106,"column":12}},"loc":{"start":{"line":106,"column":14},"end":{"line":108,"column":3}}},"12":{"name":"(anonymous_20)","decl":{"start":{"line":107,"column":31},"end":{"line":107,"column":34}},"loc":{"start":{"line":107,"column":37},"end":{"line":107,"column":41}}},"13":{"name":"(anonymous_21)","decl":{"start":{"line":115,"column":1},"end":{"line":115,"column":6}},"loc":{"start":{"line":115,"column":41},"end":{"line":160,"column":2}}},"14":{"name":"(anonymous_22)","decl":{"start":{"line":121,"column":56},"end":{"line":121,"column":57}},"loc":{"start":{"line":121,"column":72},"end":{"line":121,"column":107}}},"15":{"name":"(anonymous_23)","decl":{"start":{"line":166,"column":1},"end":{"line":166,"column":6}},"loc":{"start":{"line":166,"column":35},"end":{"line":207,"column":2}}},"16":{"name":"(anonymous_24)","decl":{"start":{"line":214,"column":1},"end":{"line":214,"column":6}},"loc":{"start":{"line":214,"column":47},"end":{"line":253,"column":2}}},"17":{"name":"(anonymous_25)","decl":{"start":{"line":258,"column":1},"end":{"line":258,"column":6}},"loc":{"start":{"line":258,"column":15},"end":{"line":260,"column":2}}},"18":{"name":"(anonymous_26)","decl":{"start":{"line":259,"column":24},"end":{"line":259,"column":27}},"loc":{"start":{"line":259,"column":30},"end":{"line":259,"column":34}}},"19":{"name":"(anonymous_27)","decl":{"start":{"line":266,"column":1},"end":{"line":266,"column":8}},"loc":{"start":{"line":266,"column":20},"end":{"line":268,"column":2}}},"20":{"name":"(anonymous_28)","decl":{"start":{"line":274,"column":1},"end":{"line":274,"column":6}},"loc":{"start":{"line":274,"column":29},"end":{"line":300,"column":2}}},"21":{"name":"(anonymous_29)","decl":{"start":{"line":305,"column":1},"end":{"line":305,"column":6}},"loc":{"start":{"line":305,"column":12},"end":{"line":332,"column":2}}},"22":{"name":"(anonymous_30)","decl":{"start":{"line":338,"column":1},"end":{"line":338,"column":6}},"loc":{"start":{"line":338,"column":68},"end":{"line":345,"column":2}}},"23":{"name":"(anonymous_31)","decl":{"start":{"line":338,"column":57},"end":{"line":338,"column":60}},"loc":{"start":{"line":338,"column":63},"end":{"line":338,"column":68}}},"24":{"name":"(anonymous_32)","decl":{"start":{"line":339,"column":37},"end":{"line":339,"column":38}},"loc":{"start":{"line":339,"column":52},"end":{"line":344,"column":3}}},"25":{"name":"(anonymous_33)","decl":{"start":{"line":351,"column":1},"end":{"line":351,"column":6}},"loc":{"start":{"line":351,"column":69},"end":{"line":361,"column":2}}},"26":{"name":"(anonymous_34)","decl":{"start":{"line":351,"column":58},"end":{"line":351,"column":61}},"loc":{"start":{"line":351,"column":64},"end":{"line":351,"column":69}}},"27":{"name":"(anonymous_35)","decl":{"start":{"line":354,"column":36},"end":{"line":354,"column":37}},"loc":{"start":{"line":354,"column":51},"end":{"line":358,"column":3}}},"28":{"name":"_ClientStore_broadcast","decl":{"start":{"line":78,"column":12},"end":{"line":78,"column":44}},"loc":{"start":{"line":78,"column":55},"end":{"line":80,"column":2}}},"29":{"name":"(anonymous_37)","decl":{"start":{"line":79,"column":28},"end":{"line":79,"column":31}},"loc":{"start":{"line":79,"column":35},"end":{"line":79,"column":55}}},"30":{"name":"(anonymous_38)","decl":{"start":{"line":364,"column":0},"end":{"line":364,"column":17}},"loc":{"start":{"line":364,"column":28},"end":{"line":395,"column":1}}},"31":{"name":"(anonymous_39)","decl":{"start":{"line":378,"column":1},"end":{"line":378,"column":13}},"loc":{"start":{"line":378,"column":22},"end":{"line":387,"column":2}}}},"branchMap":{"0":{"loc":{"start":{"line":24,"column":51},"end":{"line":24,"column":93}},"type":"default-arg","locations":[{"start":{"line":24,"column":80},"end":{"line":24,"column":93}}]},"1":{"loc":{"start":{"line":28,"column":2},"end":{"line":30,"column":null}},"type":"if","locations":[{"start":{"line":28,"column":2},"end":{"line":30,"column":null}}]},"2":{"loc":{"start":{"line":32,"column":15},"end":{"line":32,"column":44}},"type":"binary-expr","locations":[{"start":{"line":32,"column":15},"end":{"line":32,"column":35}},{"start":{"line":32,"column":39},"end":{"line":32,"column":44}}]},"3":{"loc":{"start":{"line":87,"column":2},"end":{"line":89,"column":null}},"type":"if","locations":[{"start":{"line":87,"column":2},"end":{"line":89,"column":null}}]},"4":{"loc":{"start":{"line":102,"column":2},"end":{"line":104,"column":null}},"type":"if","locations":[{"start":{"line":102,"column":2},"end":{"line":104,"column":null}}]},"5":{"loc":{"start":{"line":115,"column":17},"end":{"line":115,"column":41}},"type":"default-arg","locations":[{"start":{"line":115,"column":39},"end":{"line":115,"column":41}}]},"6":{"loc":{"start":{"line":116,"column":2},"end":{"line":157,"column":null}},"type":"if","locations":[{"start":{"line":116,"column":2},"end":{"line":157,"column":null}}]},"7":{"loc":{"start":{"line":120,"column":4},"end":{"line":149,"column":null}},"type":"if","locations":[{"start":{"line":120,"column":4},"end":{"line":149,"column":null}},{"start":{"line":144,"column":11},"end":{"line":149,"column":null}}]},"8":{"loc":{"start":{"line":125,"column":20},"end":{"line":125,"column":76}},"type":"binary-expr","locations":[{"start":{"line":125,"column":20},"end":{"line":125,"column":50}},{"start":{"line":125,"column":54},"end":{"line":125,"column":76}}]},"9":{"loc":{"start":{"line":128,"column":7},"end":{"line":135,"column":null}},"type":"if","locations":[{"start":{"line":128,"column":7},"end":{"line":135,"column":null}}]},"10":{"loc":{"start":{"line":169,"column":2},"end":{"line":204,"column":null}},"type":"if","locations":[{"start":{"line":169,"column":2},"end":{"line":204,"column":null}}]},"11":{"loc":{"start":{"line":173,"column":4},"end":{"line":176,"column":null}},"type":"if","locations":[{"start":{"line":173,"column":4},"end":{"line":176,"column":null}}]},"12":{"loc":{"start":{"line":173,"column":8},"end":{"line":173,"column":86}},"type":"binary-expr","locations":[{"start":{"line":173,"column":8},"end":{"line":173,"column":38}},{"start":{"line":173,"column":42},"end":{"line":173,"column":86}}]},"13":{"loc":{"start":{"line":182,"column":4},"end":{"line":192,"column":null}},"type":"if","locations":[{"start":{"line":182,"column":4},"end":{"line":192,"column":null}},{"start":{"line":187,"column":11},"end":{"line":192,"column":null}}]},"14":{"loc":{"start":{"line":216,"column":3},"end":{"line":218,"column":null}},"type":"if","locations":[{"start":{"line":216,"column":3},"end":{"line":218,"column":null}}]},"15":{"loc":{"start":{"line":216,"column":7},"end":{"line":216,"column":141}},"type":"binary-expr","locations":[{"start":{"line":216,"column":7},"end":{"line":216,"column":35}},{"start":{"line":216,"column":39},"end":{"line":216,"column":82}},{"start":{"line":216,"column":86},"end":{"line":216,"column":141}}]},"16":{"loc":{"start":{"line":233,"column":3},"end":{"line":242,"column":null}},"type":"if","locations":[{"start":{"line":233,"column":3},"end":{"line":242,"column":null}},{"start":{"line":237,"column":10},"end":{"line":242,"column":null}}]},"17":{"loc":{"start":{"line":278,"column":3},"end":{"line":289,"column":null}},"type":"if","locations":[{"start":{"line":278,"column":3},"end":{"line":289,"column":null}},{"start":{"line":284,"column":10},"end":{"line":289,"column":null}}]},"18":{"loc":{"start":{"line":311,"column":3},"end":{"line":321,"column":null}},"type":"if","locations":[{"start":{"line":311,"column":3},"end":{"line":321,"column":null}},{"start":{"line":316,"column":10},"end":{"line":321,"column":null}}]},"19":{"loc":{"start":{"line":338,"column":16},"end":{"line":338,"column":68}},"type":"default-arg","locations":[{"start":{"line":338,"column":57},"end":{"line":338,"column":68}}]},"20":{"loc":{"start":{"line":339,"column":9},"end":{"line":344,"column":12}},"type":"binary-expr","locations":[{"start":{"line":339,"column":9},"end":{"line":344,"column":4}},{"start":{"line":344,"column":8},"end":{"line":344,"column":12}}]},"21":{"loc":{"start":{"line":341,"column":3},"end":{"line":343,"column":null}},"type":"if","locations":[{"start":{"line":341,"column":3},"end":{"line":343,"column":null}}]},"22":{"loc":{"start":{"line":351,"column":17},"end":{"line":351,"column":69}},"type":"default-arg","locations":[{"start":{"line":351,"column":58},"end":{"line":351,"column":69}}]},"23":{"loc":{"start":{"line":355,"column":3},"end":{"line":357,"column":null}},"type":"if","locations":[{"start":{"line":355,"column":3},"end":{"line":357,"column":null}}]},"24":{"loc":{"start":{"line":356,"column":4},"end":{"line":356,"column":30}},"type":"binary-expr","locations":[{"start":{"line":356,"column":4},"end":{"line":356,"column":9}},{"start":{"line":356,"column":13},"end":{"line":356,"column":30}}]},"25":{"loc":{"start":{"line":378,"column":13},"end":{"line":378,"column":null}},"type":"binary-expr","locations":[{"start":{"line":378,"column":13},"end":{"line":378,"column":22}},{"start":{"line":378,"column":13},"end":{"line":378,"column":null}}]},"26":{"loc":{"start":{"line":364,"column":17},"end":{"line":364,"column":null}},"type":"binary-expr","locations":[{"start":{"line":364,"column":17},"end":{"line":364,"column":28}},{"start":{"line":364,"column":17},"end":{"line":364,"column":null}}]}},"s":{"0":1,"1":1,"2":1,"3":1,"4":1,"5":17,"6":17,"7":17,"8":17,"9":17,"10":17,"11":15,"12":17,"13":17,"14":17,"15":17,"16":17,"17":2,"18":15,"19":15,"20":15,"21":15,"22":15,"23":15,"24":15,"25":1,"26":1,"27":1,"28":8,"29":15,"30":15,"31":15,"32":15,"33":15,"34":20,"35":20,"36":20,"37":20,"38":0,"39":6,"40":4,"41":4,"42":3,"43":2,"44":2,"45":2,"46":2,"47":3,"48":3,"49":12,"50":12,"51":12,"52":12,"53":2,"54":2,"55":2,"56":2,"57":1,"58":1,"59":4,"60":15,"61":15,"62":12,"63":12,"64":24,"65":24,"66":12,"67":12,"68":11,"69":10,"70":10,"71":10,"72":10,"73":1,"74":1,"75":1,"76":2,"77":3,"78":5,"79":7,"80":2,"81":3,"82":3,"83":3,"84":3,"85":2,"86":1,"87":1,"88":1,"89":1,"90":1,"91":1,"92":2,"93":5,"94":7,"95":5,"96":3,"97":3,"98":2,"99":1,"100":1,"101":1,"102":1,"103":1,"104":1,"105":1,"106":2,"107":28,"108":28,"109":28,"110":27,"111":26,"112":26,"113":26,"114":26,"115":1,"116":1,"117":1,"118":2,"119":0,"120":2,"121":5,"122":5,"123":1,"124":0,"125":7,"126":7,"127":13,"128":9,"129":7,"130":1,"131":1,"132":65,"133":35,"134":1,"135":1,"136":1,"137":1,"138":1,"139":1,"140":1,"141":1,"142":1,"143":1,"144":1},"f":{"0":17,"1":15,"2":15,"3":1,"4":1,"5":1,"6":8,"7":15,"8":15,"9":15,"10":20,"11":20,"12":0,"13":6,"14":2,"15":15,"16":5,"17":5,"18":7,"19":5,"20":3,"21":28,"22":2,"23":0,"24":5,"25":7,"26":0,"27":13,"28":65,"29":35,"30":1,"31":1},"b":{"0":[2],"1":[2],"2":[15,0],"3":[15],"4":[20],"5":[1],"6":[4],"7":[2,1],"8":[3,2],"9":[12],"10":[12],"11":[24],"12":[24,24],"13":[10,1],"14":[2],"15":[7,7,6],"16":[1,1],"17":[1,1],"18":[26,1],"19":[0],"20":[2,0],"21":[1],"22":[0],"23":[9],"24":[9,9],"25":[1,1],"26":[1,0]}}
,"/Users/ecorreia/Sites/@beforesemicolon/client-web-storage/src/MemoryStore.ts": {"path":"/Users/ecorreia/Sites/@beforesemicolon/client-web-storage/src/MemoryStore.ts","statementMap":{"0":{"start":{"line":5,"column":26},"end":{"line":7,"column":1}},"1":{"start":{"line":6,"column":1},"end":{"line":6,"column":76}},"2":{"start":{"line":9,"column":14},"end":{"line":9,"column":null}},"3":{"start":{"line":11,"column":27},"end":{"line":57,"column":1}},"4":{"start":{"line":12,"column":13},"end":{"line":12,"column":22}},"5":{"start":{"line":14,"column":1},"end":{"line":56,"column":null}},"6":{"start":{"line":17,"column":3},"end":{"line":17,"column":14}},"7":{"start":{"line":20,"column":3},"end":{"line":20,"column":38}},"8":{"start":{"line":23,"column":3},"end":{"line":23,"column":61}},"9":{"start":{"line":27,"column":11},"end":{"line":27,"column":12}},"10":{"start":{"line":30,"column":3},"end":{"line":37,"column":null}},"11":{"start":{"line":31,"column":4},"end":{"line":31,"column":28}},"12":{"start":{"line":32,"column":4},"end":{"line":34,"column":null}},"13":{"start":{"line":33,"column":5},"end":{"line":33,"column":42}},"14":{"start":{"line":36,"column":4},"end":{"line":36,"column":11}},"15":{"start":{"line":39,"column":3},"end":{"line":39,"column":46}},"16":{"start":{"line":42,"column":3},"end":{"line":42,"column":75}},"17":{"start":{"line":45,"column":3},"end":{"line":45,"column":72}},"18":{"start":{"line":48,"column":3},"end":{"line":48,"column":55}},"19":{"start":{"line":51,"column":3},"end":{"line":51,"column":53}},"20":{"start":{"line":54,"column":3},"end":{"line":54,"column":57}},"21":{"start":{"line":11,"column":13},"end":{"line":11,"column":27}}},"fnMap":{"0":{"name":"(anonymous_0)","decl":{"start":{"line":5,"column":26},"end":{"line":5,"column":30}},"loc":{"start":{"line":5,"column":81},"end":{"line":7,"column":1}}},"1":{"name":"(anonymous_1)","decl":{"start":{"line":11,"column":27},"end":{"line":11,"column":49}},"loc":{"start":{"line":11,"column":51},"end":{"line":57,"column":1}}},"2":{"name":"(anonymous_2)","decl":{"start":{"line":16,"column":2},"end":{"line":16,"column":14}},"loc":{"start":{"line":16,"column":14},"end":{"line":18,"column":3}}},"3":{"name":"(anonymous_3)","decl":{"start":{"line":19,"column":2},"end":{"line":19,"column":7}},"loc":{"start":{"line":19,"column":29},"end":{"line":21,"column":3}}},"4":{"name":"(anonymous_4)","decl":{"start":{"line":22,"column":2},"end":{"line":22,"column":7}},"loc":{"start":{"line":22,"column":54},"end":{"line":24,"column":3}}},"5":{"name":"(anonymous_5)","decl":{"start":{"line":26,"column":2},"end":{"line":26,"column":7}},"loc":{"start":{"line":26,"column":68},"end":{"line":40,"column":3}}},"6":{"name":"(anonymous_6)","decl":{"start":{"line":41,"column":2},"end":{"line":41,"column":7}},"loc":{"start":{"line":41,"column":53},"end":{"line":43,"column":3}}},"7":{"name":"(anonymous_7)","decl":{"start":{"line":44,"column":2},"end":{"line":44,"column":7}},"loc":{"start":{"line":44,"column":43},"end":{"line":46,"column":3}}},"8":{"name":"(anonymous_8)","decl":{"start":{"line":47,"column":2},"end":{"line":47,"column":7}},"loc":{"start":{"line":47,"column":43},"end":{"line":49,"column":3}}},"9":{"name":"(anonymous_9)","decl":{"start":{"line":50,"column":2},"end":{"line":50,"column":7}},"loc":{"start":{"line":50,"column":57},"end":{"line":52,"column":3}}},"10":{"name":"(anonymous_10)","decl":{"start":{"line":53,"column":2},"end":{"line":53,"column":7}},"loc":{"start":{"line":53,"column":63},"end":{"line":55,"column":3}}}},"branchMap":{"0":{"loc":{"start":{"line":6,"column":8},"end":{"line":6,"column":75}},"type":"cond-expr","locations":[{"start":{"line":6,"column":35},"end":{"line":6,"column":50}},{"start":{"line":6,"column":53},"end":{"line":6,"column":75}}]},"1":{"loc":{"start":{"line":23,"column":10},"end":{"line":23,"column":60}},"type":"binary-expr","locations":[{"start":{"line":23,"column":10},"end":{"line":23,"column":52}},{"start":{"line":23,"column":56},"end":{"line":23,"column":60}}]},"2":{"loc":{"start":{"line":23,"column":28},"end":{"line":23,"column":47}},"type":"binary-expr","locations":[{"start":{"line":23,"column":28},"end":{"line":23,"column":39}},{"start":{"line":23,"column":43},"end":{"line":23,"column":47}}]},"3":{"loc":{"start":{"line":32,"column":4},"end":{"line":34,"column":null}},"type":"if","locations":[{"start":{"line":32,"column":4},"end":{"line":34,"column":null}}]},"4":{"loc":{"start":{"line":42,"column":10},"end":{"line":42,"column":74}},"type":"binary-expr","locations":[{"start":{"line":42,"column":10},"end":{"line":42,"column":68}},{"start":{"line":42,"column":72},"end":{"line":42,"column":74}}]},"5":{"loc":{"start":{"line":45,"column":10},"end":{"line":45,"column":71}},"type":"binary-expr","locations":[{"start":{"line":45,"column":10},"end":{"line":45,"column":65}},{"start":{"line":45,"column":69},"end":{"line":45,"column":71}}]},"6":{"loc":{"start":{"line":48,"column":10},"end":{"line":48,"column":54}},"type":"binary-expr","locations":[{"start":{"line":48,"column":10},"end":{"line":48,"column":49}},{"start":{"line":48,"column":53},"end":{"line":48,"column":54}}]}},"s":{"0":1,"1":131,"2":1,"3":1,"4":1,"5":1,"6":15,"7":26,"8":5,"9":9,"10":9,"11":18,"12":18,"13":1,"14":17,"15":8,"16":0,"17":28,"18":39,"19":1,"20":23,"21":1},"f":{"0":131,"1":1,"2":15,"3":26,"4":5,"5":9,"6":0,"7":28,"8":39,"9":1,"10":23},"b":{"0":[0,131],"1":[5,0],"2":[5,1],"3":[1],"4":[0,0],"5":[28,0],"6":[39,0]}}
,"/Users/ecorreia/Sites/@beforesemicolon/client-web-storage/src/Schema.ts": {"path":"/Users/ecorreia/Sites/@beforesemicolon/client-web-storage/src/Schema.ts","statementMap":{"0":{"start":{"line":1,"column":0},"end":{"line":1,"column":37}},"1":{"start":{"line":2,"column":0},"end":{"line":2,"column":51}},"2":{"start":{"line":5,"column":1},"end":{"line":11,"column":6}},"3":{"start":{"line":6,"column":2},"end":{"line":10,"column":null}},"4":{"start":{"line":7,"column":3},"end":{"line":7,"column":30}},"5":{"start":{"line":9,"column":3},"end":{"line":9,"column":25}},"6":{"start":{"line":4,"column":0},"end":{"line":4,"column":13}},"7":{"start":{"line":14,"column":24},"end":{"line":38,"column":1}},"8":{"start":{"line":15,"column":1},"end":{"line":37,"column":null}},"9":{"start":{"line":17,"column":3},"end":{"line":17,"column":12}},"10":{"start":{"line":19,"column":3},"end":{"line":19,"column":16}},"11":{"start":{"line":21,"column":3},"end":{"line":21,"column":13}},"12":{"start":{"line":32,"column":3},"end":{"line":32,"column":21}},"13":{"start":{"line":34,"column":3},"end":{"line":34,"column":22}},"14":{"start":{"line":36,"column":3},"end":{"line":36,"column":15}},"15":{"start":{"line":40,"column":24},"end":{"line":47,"column":1}},"16":{"start":{"line":41,"column":1},"end":{"line":46,"column":null}},"17":{"start":{"line":43,"column":2},"end":{"line":43,"column":null}},"18":{"start":{"line":45,"column":2},"end":{"line":45,"column":null}},"19":{"start":{"line":50,"column":20},"end":{"line":50,"column":51}},"20":{"start":{"line":50,"column":60},"end":{"line":50,"column":71}},"21":{"start":{"line":50,"column":85},"end":{"line":50,"column":118}},"22":{"start":{"line":51,"column":2},"end":{"line":53,"column":null}},"23":{"start":{"line":52,"column":3},"end":{"line":52,"column":100}},"24":{"start":{"line":55,"column":2},"end":{"line":55,"column":65}},"25":{"start":{"line":59,"column":2},"end":{"line":63,"column":null}},"26":{"start":{"line":67,"column":2},"end":{"line":67,"column":null}},"27":{"start":{"line":49,"column":0},"end":{"line":49,"column":13}},"28":{"start":{"line":72,"column":1},"end":{"line":72,"column":null}},"29":{"start":{"line":73,"column":1},"end":{"line":77,"column":3}},"30":{"start":{"line":78,"column":1},"end":{"line":78,"column":15}},"31":{"start":{"line":79,"column":1},"end":{"line":79,"column":28}},"32":{"start":{"line":82,"column":2},"end":{"line":82,"column":20}},"33":{"start":{"line":83,"column":2},"end":{"line":83,"column":48}},"34":{"start":{"line":85,"column":2},"end":{"line":87,"column":null}},"35":{"start":{"line":86,"column":3},"end":{"line":86,"column":18}},"36":{"start":{"line":89,"column":2},"end":{"line":101,"column":null}},"37":{"start":{"line":90,"column":3},"end":{"line":100,"column":null}},"38":{"start":{"line":91,"column":4},"end":{"line":99,"column":null}},"39":{"start":{"line":92,"column":5},"end":{"line":98,"column":null}},"40":{"start":{"line":93,"column":6},"end":{"line":95,"column":null}},"41":{"start":{"line":94,"column":7},"end":{"line":94,"column":39}},"42":{"start":{"line":97,"column":6},"end":{"line":97,"column":null}},"43":{"start":{"line":105,"column":2},"end":{"line":105,"column":20}},"44":{"start":{"line":109,"column":2},"end":{"line":109,"column":34}},"45":{"start":{"line":113,"column":2},"end":{"line":113,"column":27}},"46":{"start":{"line":120,"column":2},"end":{"line":120,"column":71}},"47":{"start":{"line":124,"column":2},"end":{"line":138,"column":null}},"48":{"start":{"line":125,"column":30},"end":{"line":125,"column":50}},"49":{"start":{"line":127,"column":17},"end":{"line":127,"column":33}},"50":{"start":{"line":129,"column":3},"end":{"line":137,"column":null}},"51":{"start":{"line":130,"column":4},"end":{"line":136,"column":null}},"52":{"start":{"line":131,"column":5},"end":{"line":133,"column":null}},"53":{"start":{"line":132,"column":6},"end":{"line":132,"column":47}},"54":{"start":{"line":135,"column":5},"end":{"line":135,"column":29}},"55":{"start":{"line":142,"column":2},"end":{"line":156,"column":null}},"56":{"start":{"line":143,"column":30},"end":{"line":143,"column":50}},"57":{"start":{"line":145,"column":17},"end":{"line":145,"column":33}},"58":{"start":{"line":147,"column":3},"end":{"line":155,"column":null}},"59":{"start":{"line":148,"column":4},"end":{"line":154,"column":null}},"60":{"start":{"line":149,"column":5},"end":{"line":151,"column":null}},"61":{"start":{"line":150,"column":6},"end":{"line":150,"column":null}},"62":{"start":{"line":153,"column":5},"end":{"line":153,"column":44}},"63":{"start":{"line":158,"column":2},"end":{"line":158,"column":15}},"64":{"start":{"line":162,"column":2},"end":{"line":174,"column":null}},"65":{"start":{"line":163,"column":30},"end":{"line":163,"column":50}},"66":{"start":{"line":165,"column":17},"end":{"line":165,"column":33}},"67":{"start":{"line":167,"column":3},"end":{"line":171,"column":null}},"68":{"start":{"line":168,"column":4},"end":{"line":170,"column":null}},"69":{"start":{"line":169,"column":5},"end":{"line":169,"column":null}},"70":{"start":{"line":173,"column":3},"end":{"line":173,"column":24}},"71":{"start":{"line":176,"column":2},"end":{"line":176,"column":null}},"72":{"start":{"line":180,"column":14},"end":{"line":180,"column":53}},"73":{"start":{"line":182,"column":2},"end":{"line":194,"column":null}},"74":{"start":{"line":183,"column":3},"end":{"line":185,"column":null}},"75":{"start":{"line":183,"column":49},"end":{"line":183,"column":73}},"76":{"start":{"line":184,"column":4},"end":{"line":184,"column":17}},"77":{"start":{"line":187,"column":3},"end":{"line":189,"column":null}},"78":{"start":{"line":188,"column":4},"end":{"line":188,"column":103}},"79":{"start":{"line":191,"column":3},"end":{"line":193,"column":87}},"80":{"start":{"line":196,"column":2},"end":{"line":196,"column":15}},"81":{"start":{"line":200,"column":37},"end":{"line":200,"column":46}},"82":{"start":{"line":202,"column":25},"end":{"line":202,"column":86}},"83":{"start":{"line":202,"column":62},"end":{"line":202,"column":85}},"84":{"start":{"line":204,"column":2},"end":{"line":224,"column":null}},"85":{"start":{"line":205,"column":3},"end":{"line":223,"column":null}},"86":{"start":{"line":206,"column":22},"end":{"line":206,"column":56}},"87":{"start":{"line":208,"column":4},"end":{"line":218,"column":null}},"88":{"start":{"line":209,"column":15},"end":{"line":209,"column":30}},"89":{"start":{"line":210,"column":5},"end":{"line":216,"column":null}},"90":{"start":{"line":211,"column":6},"end":{"line":213,"column":null}},"91":{"start":{"line":212,"column":7},"end":{"line":212,"column":null}},"92":{"start":{"line":215,"column":6},"end":{"line":215,"column":34}},"93":{"start":{"line":217,"column":5},"end":{"line":217,"column":14}},"94":{"start":{"line":220,"column":4},"end":{"line":222,"column":null}},"95":{"start":{"line":221,"column":5},"end":{"line":221,"column":33}},"96":{"start":{"line":226,"column":2},"end":{"line":226,"column":35}},"97":{"start":{"line":230,"column":28},"end":{"line":230,"column":30}},"98":{"start":{"line":232,"column":2},"end":{"line":238,"column":null}},"99":{"start":{"line":233,"column":3},"end":{"line":237,"column":null}},"100":{"start":{"line":234,"column":16},"end":{"line":234,"column":33}},"101":{"start":{"line":236,"column":4},"end":{"line":236,"column":32}},"102":{"start":{"line":240,"column":2},"end":{"line":240,"column":14}},"103":{"start":{"line":244,"column":2},"end":{"line":244,"column":null}},"104":{"start":{"line":248,"column":18},"end":{"line":248,"column":28}},"105":{"start":{"line":250,"column":36},"end":{"line":255,"column":8}},"106":{"start":{"line":257,"column":2},"end":{"line":275,"column":null}},"107":{"start":{"line":258,"column":3},"end":{"line":274,"column":null}},"108":{"start":{"line":259,"column":16},"end":{"line":259,"column":33}},"109":{"start":{"line":261,"column":4},"end":{"line":273,"column":null}},"110":{"start":{"line":263,"column":6},"end":{"line":263,"column":56}},"111":{"start":{"line":264,"column":6},"end":{"line":264,"column":12}},"112":{"start":{"line":266,"column":6},"end":{"line":266,"column":43}},"113":{"start":{"line":267,"column":6},"end":{"line":267,"column":12}},"114":{"start":{"line":269,"column":6},"end":{"line":269,"column":82}},"115":{"start":{"line":270,"column":6},"end":{"line":270,"column":12}},"116":{"start":{"line":272,"column":6},"end":{"line":272,"column":37}},"117":{"start":{"line":277,"column":2},"end":{"line":277,"column":18}},"118":{"start":{"line":71,"column":0},"end":{"line":71,"column":13}},"119":{"start":{"line":282,"column":1},"end":{"line":301,"column":null}},"120":{"start":{"line":301,"column":16},"end":{"line":301,"column":81}}},"fnMap":{"0":{"name":"(anonymous_2)","decl":{"start":{"line":4,"column":0},"end":{"line":4,"column":13}},"loc":{"start":{"line":4,"column":0},"end":{"line":12,"column":1}}},"1":{"name":"(anonymous_3)","decl":{"start":{"line":5,"column":10},"end":{"line":5,"column":13}},"loc":{"start":{"line":5,"column":15},"end":{"line":11,"column":2}}},"2":{"name":"(anonymous_4)","decl":{"start":{"line":14,"column":24},"end":{"line":14,"column":25}},"loc":{"start":{"line":14,"column":46},"end":{"line":38,"column":1}}},"3":{"name":"(anonymous_5)","decl":{"start":{"line":40,"column":24},"end":{"line":40,"column":25}},"loc":{"start":{"line":40,"column":58},"end":{"line":47,"column":1}}},"4":{"name":"(anonymous_6)","decl":{"start":{"line":50,"column":1},"end":{"line":50,"column":20}},"loc":{"start":{"line":50,"column":122},"end":{"line":56,"column":2}}},"5":{"name":"(anonymous_7)","decl":{"start":{"line":58,"column":1},"end":{"line":58,"column":7}},"loc":{"start":{"line":58,"column":7},"end":{"line":64,"column":2}}},"6":{"name":"(anonymous_8)","decl":{"start":{"line":66,"column":1},"end":{"line":66,"column":9}},"loc":{"start":{"line":66,"column":9},"end":{"line":68,"column":2}}},"7":{"name":"(anonymous_9)","decl":{"start":{"line":81,"column":1},"end":{"line":81,"column":13}},"loc":{"start":{"line":81,"column":83},"end":{"line":102,"column":2}}},"8":{"name":"(anonymous_10)","decl":{"start":{"line":104,"column":1},"end":{"line":104,"column":5}},"loc":{"start":{"line":104,"column":9},"end":{"line":106,"column":2}}},"9":{"name":"(anonymous_11)","decl":{"start":{"line":108,"column":1},"end":{"line":108,"column":5}},"loc":{"start":{"line":108,"column":23},"end":{"line":110,"column":2}}},"10":{"name":"(anonymous_12)","decl":{"start":{"line":112,"column":1},"end":{"line":112,"column":5}},"loc":{"start":{"line":112,"column":16},"end":{"line":114,"column":2}}},"11":{"name":"(anonymous_13)","decl":{"start":{"line":116,"column":1},"end":{"line":116,"column":12}},"loc":{"start":{"line":119,"column":86},"end":{"line":121,"column":2}}},"12":{"name":"(anonymous_14)","decl":{"start":{"line":123,"column":1},"end":{"line":123,"column":12}},"loc":{"start":{"line":123,"column":35},"end":{"line":139,"column":2}}},"13":{"name":"(anonymous_15)","decl":{"start":{"line":141,"column":1},"end":{"line":141,"column":9}},"loc":{"start":{"line":141,"column":32},"end":{"line":159,"column":2}}},"14":{"name":"(anonymous_16)","decl":{"start":{"line":161,"column":1},"end":{"line":161,"column":9}},"loc":{"start":{"line":161,"column":32},"end":{"line":177,"column":2}}},"15":{"name":"(anonymous_17)","decl":{"start":{"line":179,"column":1},"end":{"line":179,"column":18}},"loc":{"start":{"line":179,"column":60},"end":{"line":197,"column":2}}},"16":{"name":"(anonymous_18)","decl":{"start":{"line":183,"column":44},"end":{"line":183,"column":45}},"loc":{"start":{"line":183,"column":49},"end":{"line":183,"column":73}}},"17":{"name":"(anonymous_19)","decl":{"start":{"line":199,"column":1},"end":{"line":199,"column":27}},"loc":{"start":{"line":199,"column":55},"end":{"line":227,"column":2}}},"18":{"name":"(anonymous_20)","decl":{"start":{"line":202,"column":55},"end":{"line":202,"column":58}},"loc":{"start":{"line":202,"column":62},"end":{"line":202,"column":85}}},"19":{"name":"(anonymous_21)","decl":{"start":{"line":211,"column":55},"end":{"line":211,"column":56}},"loc":{"start":{"line":211,"column":69},"end":{"line":213,"column":7}}},"20":{"name":"(anonymous_22)","decl":{"start":{"line":229,"column":1},"end":{"line":229,"column":7}},"loc":{"start":{"line":229,"column":7},"end":{"line":241,"column":2}}},"21":{"name":"(anonymous_23)","decl":{"start":{"line":243,"column":1},"end":{"line":243,"column":9}},"loc":{"start":{"line":243,"column":9},"end":{"line":245,"column":2}}},"22":{"name":"(anonymous_24)","decl":{"start":{"line":247,"column":1},"end":{"line":247,"column":8}},"loc":{"start":{"line":247,"column":8},"end":{"line":278,"column":2}}},"23":{"name":"isSupportedTypeValue","decl":{"start":{"line":281,"column":9},"end":{"line":281,"column":29}},"loc":{"start":{"line":281,"column":40},"end":{"line":302,"column":1}}},"24":{"name":"(anonymous_26)","decl":{"start":{"line":301,"column":8},"end":{"line":301,"column":12}},"loc":{"start":{"line":301,"column":16},"end":{"line":301,"column":81}}}},"branchMap":{"0":{"loc":{"start":{"line":15,"column":1},"end":{"line":37,"column":null}},"type":"switch","locations":[{"start":{"line":16,"column":2},"end":{"line":17,"column":12}},{"start":{"line":18,"column":2},"end":{"line":19,"column":16}},{"start":{"line":20,"column":2},"end":{"line":21,"column":13}},{"start":{"line":22,"column":2},"end":{"line":22,"column":13}},{"start":{"line":23,"column":2},"end":{"line":23,"column":20}},{"start":{"line":24,"column":2},"end":{"line":24,"column":20}},{"start":{"line":25,"column":2},"end":{"line":25,"column":17}},{"start":{"line":26,"column":2},"end":{"line":26,"column":18}},{"start":{"line":27,"column":2},"end":{"line":27,"column":18}},{"start":{"line":28,"column":2},"end":{"line":28,"column":18}},{"start":{"line":29,"column":2},"end":{"line":29,"column":25}},{"start":{"line":30,"column":2},"end":{"line":30,"column":19}},{"start":{"line":31,"column":2},"end":{"line":32,"column":21}},{"start":{"line":33,"column":2},"end":{"line":34,"column":22}},{"start":{"line":35,"column":2},"end":{"line":36,"column":15}}]},"1":{"loc":{"start":{"line":43,"column":9},"end":{"line":43,"column":74}},"type":"binary-expr","locations":[{"start":{"line":43,"column":9},"end":{"line":43,"column":30}},{"start":{"line":43,"column":34},"end":{"line":43,"column":74}}]},"2":{"loc":{"start":{"line":50,"column":60},"end":{"line":50,"column":76}},"type":"default-arg","locations":[{"start":{"line":50,"column":71},"end":{"line":50,"column":76}}]},"3":{"loc":{"start":{"line":50,"column":85},"end":{"line":50,"column":122}},"type":"default-arg","locations":[{"start":{"line":50,"column":118},"end":{"line":50,"column":122}}]},"4":{"loc":{"start":{"line":51,"column":2},"end":{"line":53,"column":null}},"type":"if","locations":[{"start":{"line":51,"column":2},"end":{"line":53,"column":null}}]},"5":{"loc":{"start":{"line":51,"column":6},"end":{"line":51,"column":67}},"type":"binary-expr","locations":[{"start":{"line":51,"column":6},"end":{"line":51,"column":27}},{"start":{"line":51,"column":31},"end":{"line":51,"column":67}}]},"6":{"loc":{"start":{"line":55,"column":22},"end":{"line":55,"column":64}},"type":"binary-expr","locations":[{"start":{"line":55,"column":22},"end":{"line":55,"column":34}},{"start":{"line":55,"column":38},"end":{"line":55,"column":64}}]},"7":{"loc":{"start":{"line":60,"column":9},"end":{"line":60,"column":74}},"type":"cond-expr","locations":[{"start":{"line":60,"column":39},"end":{"line":60,"column":57}},{"start":{"line":60,"column":60},"end":{"line":60,"column":74}}]},"8":{"loc":{"start":{"line":81,"column":27},"end":{"line":81,"column":56}},"type":"default-arg","locations":[{"start":{"line":81,"column":52},"end":{"line":81,"column":56}}]},"9":{"loc":{"start":{"line":81,"column":58},"end":{"line":81,"column":83}},"type":"default-arg","locations":[{"start":{"line":81,"column":79},"end":{"line":81,"column":83}}]},"10":{"loc":{"start":{"line":85,"column":2},"end":{"line":87,"column":null}},"type":"if","locations":[{"start":{"line":85,"column":2},"end":{"line":87,"column":null}}]},"11":{"loc":{"start":{"line":89,"column":2},"end":{"line":101,"column":null}},"type":"if","locations":[{"start":{"line":89,"column":2},"end":{"line":101,"column":null}}]},"12":{"loc":{"start":{"line":91,"column":4},"end":{"line":99,"column":null}},"type":"if","locations":[{"start":{"line":91,"column":4},"end":{"line":99,"column":null}}]},"13":{"loc":{"start":{"line":92,"column":5},"end":{"line":98,"column":null}},"type":"if","locations":[{"start":{"line":92,"column":5},"end":{"line":98,"column":null}},{"start":{"line":96,"column":12},"end":{"line":98,"column":null}}]},"14":{"loc":{"start":{"line":93,"column":6},"end":{"line":95,"column":null}},"type":"if","locations":[{"start":{"line":93,"column":6},"end":{"line":95,"column":null}}]},"15":{"loc":{"start":{"line":116,"column":47},"end":{"line":119,"column":86}},"type":"default-arg","locations":[{"start":{"line":119,"column":49},"end":{"line":119,"column":86}}]},"16":{"loc":{"start":{"line":124,"column":2},"end":{"line":138,"column":null}},"type":"if","locations":[{"start":{"line":124,"column":2},"end":{"line":138,"column":null}}]},"17":{"loc":{"start":{"line":129,"column":3},"end":{"line":137,"column":null}},"type":"if","locations":[{"start":{"line":129,"column":3},"end":{"line":137,"column":null}}]},"18":{"loc":{"start":{"line":130,"column":4},"end":{"line":136,"column":null}},"type":"if","locations":[{"start":{"line":130,"column":4},"end":{"line":136,"column":null}},{"start":{"line":134,"column":11},"end":{"line":136,"column":null}}]},"19":{"loc":{"start":{"line":131,"column":5},"end":{"line":133,"column":null}},"type":"if","locations":[{"start":{"line":131,"column":5},"end":{"line":133,"column":null}}]},"20":{"loc":{"start":{"line":142,"column":2},"end":{"line":156,"column":null}},"type":"if","locations":[{"start":{"line":142,"column":2},"end":{"line":156,"column":null}}]},"21":{"loc":{"start":{"line":147,"column":3},"end":{"line":155,"column":null}},"type":"if","locations":[{"start":{"line":147,"column":3},"end":{"line":155,"column":null}}]},"22":{"loc":{"start":{"line":148,"column":4},"end":{"line":154,"column":null}},"type":"if","locations":[{"start":{"line":148,"column":4},"end":{"line":154,"column":null}},{"start":{"line":152,"column":11},"end":{"line":154,"column":null}}]},"23":{"loc":{"start":{"line":149,"column":5},"end":{"line":151,"column":null}},"type":"if","locations":[{"start":{"line":149,"column":5},"end":{"line":151,"column":null}}]},"24":{"loc":{"start":{"line":162,"column":2},"end":{"line":174,"column":null}},"type":"if","locations":[{"start":{"line":162,"column":2},"end":{"line":174,"column":null}}]},"25":{"loc":{"start":{"line":167,"column":3},"end":{"line":171,"column":null}},"type":"if","locations":[{"start":{"line":167,"column":3},"end":{"line":171,"column":null}}]},"26":{"loc":{"start":{"line":167,"column":7},"end":{"line":167,"column":29}},"type":"binary-expr","locations":[{"start":{"line":167,"column":7},"end":{"line":167,"column":12}},{"start":{"line":167,"column":16},"end":{"line":167,"column":29}}]},"27":{"loc":{"start":{"line":168,"column":4},"end":{"line":170,"column":null}},"type":"if","locations":[{"start":{"line":168,"column":4},"end":{"line":170,"column":null}}]},"28":{"loc":{"start":{"line":173,"column":10},"end":{"line":173,"column":23}},"type":"binary-expr","locations":[{"start":{"line":173,"column":10},"end":{"line":173,"column":15}},{"start":{"line":173,"column":19},"end":{"line":173,"column":23}}]},"29":{"loc":{"start":{"line":179,"column":43},"end":{"line":179,"column":60}},"type":"default-arg","locations":[{"start":{"line":179,"column":56},"end":{"line":179,"column":60}}]},"30":{"loc":{"start":{"line":182,"column":2},"end":{"line":194,"column":null}},"type":"if","locations":[{"start":{"line":182,"column":2},"end":{"line":194,"column":null}}]},"31":{"loc":{"start":{"line":183,"column":3},"end":{"line":185,"column":null}},"type":"if","locations":[{"start":{"line":183,"column":3},"end":{"line":185,"column":null}}]},"32":{"loc":{"start":{"line":183,"column":7},"end":{"line":183,"column":74}},"type":"binary-expr","locations":[{"start":{"line":183,"column":7},"end":{"line":183,"column":29}},{"start":{"line":183,"column":33},"end":{"line":183,"column":74}}]},"33":{"loc":{"start":{"line":187,"column":3},"end":{"line":189,"column":null}},"type":"if","locations":[{"start":{"line":187,"column":3},"end":{"line":189,"column":null}}]},"34":{"loc":{"start":{"line":188,"column":11},"end":{"line":188,"column":102}},"type":"binary-expr","locations":[{"start":{"line":188,"column":11},"end":{"line":188,"column":43}},{"start":{"line":188,"column":47},"end":{"line":188,"column":102}}]},"35":{"loc":{"start":{"line":191,"column":10},"end":{"line":193,"column":86}},"type":"cond-expr","locations":[{"start":{"line":192,"column":6},"end":{"line":192,"column":55}},{"start":{"line":193,"column":6},"end":{"line":193,"column":86}}]},"36":{"loc":{"start":{"line":192,"column":6},"end":{"line":192,"column":55}},"type":"binary-expr","locations":[{"start":{"line":192,"column":6},"end":{"line":192,"column":19}},{"start":{"line":192,"column":23},"end":{"line":192,"column":55}}]},"37":{"loc":{"start":{"line":193,"column":6},"end":{"line":193,"column":86}},"type":"binary-expr","locations":[{"start":{"line":193,"column":6},"end":{"line":193,"column":20}},{"start":{"line":193,"column":24},"end":{"line":193,"column":50}},{"start":{"line":193,"column":54},"end":{"line":193,"column":86}}]},"38":{"loc":{"start":{"line":205,"column":3},"end":{"line":223,"column":null}},"type":"if","locations":[{"start":{"line":205,"column":3},"end":{"line":223,"column":null}}]},"39":{"loc":{"start":{"line":208,"column":4},"end":{"line":218,"column":null}},"type":"if","locations":[{"start":{"line":208,"column":4},"end":{"line":218,"column":null}}]},"40":{"loc":{"start":{"line":210,"column":5},"end":{"line":216,"column":null}},"type":"if","locations":[{"start":{"line":210,"column":5},"end":{"line":216,"column":null}},{"start":{"line":214,"column":12},"end":{"line":216,"column":null}}]},"41":{"loc":{"start":{"line":220,"column":4},"end":{"line":222,"column":null}},"type":"if","locations":[{"start":{"line":220,"column":4},"end":{"line":222,"column":null}}]},"42":{"loc":{"start":{"line":233,"column":3},"end":{"line":237,"column":null}},"type":"if","locations":[{"start":{"line":233,"column":3},"end":{"line":237,"column":null}}]},"43":{"loc":{"start":{"line":250,"column":36},"end":{"line":255,"column":8}},"type":"cond-expr","locations":[{"start":{"line":250,"column":62},"end":{"line":255,"column":4}},{"start":{"line":255,"column":6},"end":{"line":255,"column":8}}]},"44":{"loc":{"start":{"line":258,"column":3},"end":{"line":274,"column":null}},"type":"if","locations":[{"start":{"line":258,"column":3},"end":{"line":274,"column":null}}]},"45":{"loc":{"start":{"line":258,"column":7},"end":{"line":258,"column":77}},"type":"binary-expr","locations":[{"start":{"line":258,"column":7},"end":{"line":258,"column":39}},{"start":{"line":258,"column":43},"end":{"line":258,"column":77}}]},"46":{"loc":{"start":{"line":261,"column":4},"end":{"line":273,"column":null}},"type":"switch","locations":[{"start":{"line":262,"column":5},"end":{"line":264,"column":12}},{"start":{"line":265,"column":5},"end":{"line":267,"column":12}},{"start":{"line":268,"column":5},"end":{"line":270,"column":12}},{"start":{"line":271,"column":5},"end":{"line":272,"column":37}}]},"47":{"loc":{"start":{"line":269,"column":20},"end":{"line":269,"column":81}},"type":"cond-expr","locations":[{"start":{"line":269,"column":55},"end":{"line":269,"column":71}},{"start":{"line":269,"column":74},"end":{"line":269,"column":81}}]},"48":{"loc":{"start":{"line":282,"column":8},"end":{"line":301,"column":82}},"type":"binary-expr","locations":[{"start":{"line":282,"column":8},"end":{"line":282,"column":22}},{"start":{"line":282,"column":26},"end":{"line":301,"column":82}}]},"49":{"loc":{"start":{"line":301,"column":16},"end":{"line":301,"column":81}},"type":"binary-expr","locations":[{"start":{"line":301,"column":16},"end":{"line":301,"column":37}},{"start":{"line":301,"column":41},"end":{"line":301,"column":81}}]}},"s":{"0":2,"1":2,"2":38,"3":38,"4":38,"5":38,"6":2,"7":2,"8":125,"9":2,"10":10,"11":35,"12":2,"13":1,"14":75,"15":2,"16":133,"17":133,"18":0,"19":131,"20":131,"21":131,"22":131,"23":3,"24":128,"25":90,"26":2,"27":2,"28":19,"29":19,"30":19,"31":19,"32":19,"33":19,"34":19,"35":2,"36":19,"37":9,"38":19,"39":19,"40":18,"41":18,"42":1,"43":1,"44":34,"45":446,"46":48,"47":3,"48":3,"49":3,"50":3,"51":3,"52":1,"53":1,"54":2,"55":6,"56":6,"57":6,"58":6,"59":4,"60":2,"61":2,"62":2,"63":2,"64":371,"65":370,"66":370,"67":370,"68":2,"69":2,"70":368,"71":1,"72":178,"73":178,"74":169,"75":15,"76":4,"77":165,"78":3,"79":162,"80":9,"81":66,"82":66,"83":381,"84":66,"85":199,"86":181,"87":181,"88":34,"89":34,"90":30,"91":4,"92":4,"93":34,"94":147,"95":22,"96":66,"97":15,"98":15,"99":83,"100":83,"101":83,"102":15,"103":3,"104":34,"105":34,"106":34,"107":216,"108":117,"109":117,"110":15,"111":15,"112":2,"113":2,"114":2,"115":2,"116":98,"117":34,"118":2,"119":15,"120":122},"f":{"0":38,"1":38,"2":125,"3":133,"4":131,"5":90,"6":2,"7":19,"8":1,"9":34,"10":446,"11":48,"12":3,"13":6,"14":371,"15":178,"16":15,"17":66,"18":381,"19":4,"20":15,"21":3,"22":34,"23":15,"24":122},"b":{"0":[2,10,35,1,1,1,1,1,2,2,2,2,2,1,75],"1":[133,120],"2":[19],"3":[99],"4":[3],"5":[131,6],"6":[128,125],"7":[5,85],"8":[8],"9":[17],"10":[2],"11":[9],"12":[19],"13":[18,1],"14":[18],"15":[26],"16":[3],"17":[3],"18":[1,2],"19":[1],"20":[6],"21":[4],"22":[2,2],"23":[2],"24":[370],"25":[2],"26":[370,350],"27":[2],"28":[368,20],"29":[12],"30":[169],"31":[4],"32":[169,6],"33":[3],"34":[3,3],"35":[113,49],"36":[113,103],"37":[49,47,24],"38":[181],"39":[34],"40":[30,4],"41":[22],"42":[83],"43":[33,1],"44":[117],"45":[216,216],"46":[15,2,2,98],"47":[0,2],"48":[15,15],"49":[122,121]}}
,"/Users/ecorreia/Sites/@beforesemicolon/client-web-storage/src/utils/generate-uuid.ts": {"path":"/Users/ecorreia/Sites/@beforesemicolon/client-web-storage/src/utils/generate-uuid.ts","statementMap":{"0":{"start":{"line":2,"column":28},"end":{"line":18,"column":1}},"1":{"start":{"line":3,"column":9},"end":{"line":3,"column":29}},"2":{"start":{"line":4,"column":10},"end":{"line":4,"column":100}},"3":{"start":{"line":6,"column":1},"end":{"line":17,"column":4}},"4":{"start":{"line":7,"column":10},"end":{"line":7,"column":28}},"5":{"start":{"line":9,"column":2},"end":{"line":15,"column":null}},"6":{"start":{"line":10,"column":3},"end":{"line":10,"column":22}},"7":{"start":{"line":11,"column":3},"end":{"line":11,"column":24}},"8":{"start":{"line":13,"column":3},"end":{"line":13,"column":23}},"9":{"start":{"line":14,"column":3},"end":{"line":14,"column":26}},"10":{"start":{"line":16,"column":2},"end":{"line":16,"column":56}},"11":{"start":{"line":2,"column":13},"end":{"line":2,"column":28}}},"fnMap":{"0":{"name":"(anonymous_0)","decl":{"start":{"line":2,"column":28},"end":{"line":2,"column":31}},"loc":{"start":{"line":2,"column":33},"end":{"line":18,"column":1}}},"1":{"name":"(anonymous_1)","decl":{"start":{"line":6,"column":64},"end":{"line":6,"column":73}},"loc":{"start":{"line":6,"column":74},"end":{"line":17,"column":2}}}},"branchMap":{"0":{"loc":{"start":{"line":4,"column":10},"end":{"line":4,"column":100}},"type":"binary-expr","locations":[{"start":{"line":4,"column":12},"end":{"line":4,"column":46}},{"start":{"line":4,"column":51},"end":{"line":4,"column":66}},{"start":{"line":4,"column":71},"end":{"line":4,"column":93}},{"start":{"line":4,"column":99},"end":{"line":4,"column":100}}]},"1":{"loc":{"start":{"line":9,"column":2},"end":{"line":15,"column":null}},"type":"if","locations":[{"start":{"line":9,"column":2},"end":{"line":15,"column":null}},{"start":{"line":12,"column":9},"end":{"line":15,"column":null}}]},"2":{"loc":{"start":{"line":16,"column":10},"end":{"line":16,"column":41}},"type":"cond-expr","locations":[{"start":{"line":16,"column":22},"end":{"line":16,"column":23}},{"start":{"line":16,"column":27},"end":{"line":16,"column":40}}]}},"s":{"0":2,"1":38,"2":38,"3":38,"4":1178,"5":1178,"6":418,"7":418,"8":760,"9":760,"10":1178,"11":2},"f":{"0":38,"1":1178},"b":{"0":[38,38,38,0],"1":[418,760],"2":[1140,38]}}
,"/Users/ecorreia/Sites/@beforesemicolon/client-web-storage/src/utils/is-nil.ts": {"path":"/Users/ecorreia/Sites/@beforesemicolon/client-web-storage/src/utils/is-nil.ts","statementMap":{"0":{"start":{"line":1,"column":21},"end":{"line":1,"column":68}},"1":{"start":{"line":1,"column":35},"end":{"line":1,"column":68}},"2":{"start":{"line":1,"column":13},"end":{"line":1,"column":21}}},"fnMap":{"0":{"name":"(anonymous_0)","decl":{"start":{"line":1,"column":21},"end":{"line":1,"column":22}},"loc":{"start":{"line":1,"column":35},"end":{"line":1,"column":68}}}},"branchMap":{"0":{"loc":{"start":{"line":1,"column":35},"end":{"line":1,"column":68}},"type":"binary-expr","locations":[{"start":{"line":1,"column":35},"end":{"line":1,"column":47}},{"start":{"line":1,"column":51},"end":{"line":1,"column":68}}]}},"s":{"0":2,"1":113,"2":2},"f":{"0":113},"b":{"0":[113,103]}}
}
